
Deployment Log
Deployment is Failed
2026-Feb-14 04:36:22.137565 Starting deployment of MidOSresearch/midos-mcp:main to localhost.
2026-Feb-14 04:36:22.831066 Preparing container with helper image: ghcr.io/coollabsio/coolify-helper:1.0.12
2026-Feb-14 04:36:23.191501 [CMD]: docker stop -t 30 c4gs848cogcsg0k48g48ocgo
2026-Feb-14 04:36:23.191501 Error response from daemon: No such container: c4gs848cogcsg0k48g48ocgo
2026-Feb-14 04:36:23.565030 [CMD]: docker run -d --network coolify --name c4gs848cogcsg0k48g48ocgo  --rm -v /var/run/docker.sock:/var/run/docker.sock ghcr.io/coollabsio/coolify-helper:1.0.12
2026-Feb-14 04:36:23.565030 f8a626c8935126d0f0773108b5a613151b33b0ccc0b3e715e9f865affd2c5f84
2026-Feb-14 04:36:24.634802 [CMD]: docker exec c4gs848cogcsg0k48g48ocgo bash -c 'GIT_SSH_COMMAND="ssh -o ConnectTimeout=30 -p 22 -o Port=22 -o LogLevel=ERROR -o StrictHostKeyChecking=no -o UserKnownHostsFile=/dev/null" git ls-remote https://github.com/MidOSresearch/midos-mcp refs/heads/main'
2026-Feb-14 04:36:24.634802 636af538b037a735bc208baf34241fabc30f9ecb	refs/heads/main
2026-Feb-14 04:36:24.649564 ----------------------------------------
2026-Feb-14 04:36:24.655153 Importing MidOSresearch/midos-mcp:main (commit sha 636af538b037a735bc208baf34241fabc30f9ecb) to /artifacts/c4gs848cogcsg0k48g48ocgo.
2026-Feb-14 04:36:25.058818 [CMD]: docker exec c4gs848cogcsg0k48g48ocgo bash -c 'git clone --depth=1 --recurse-submodules --shallow-submodules -b 'main' 'https://github.com/MidOSresearch/midos-mcp' '/artifacts/c4gs848cogcsg0k48g48ocgo' && cd '/artifacts/c4gs848cogcsg0k48g48ocgo' && if [ -f .gitmodules ]; then sed -i "s#git@\(.*\):#https://\1/#g" '/artifacts/c4gs848cogcsg0k48g48ocgo'/.gitmodules || true && git submodule sync && GIT_SSH_COMMAND="ssh -o StrictHostKeyChecking=no -o UserKnownHostsFile=/dev/null" git submodule update --init --recursive --depth=1; fi && cd '/artifacts/c4gs848cogcsg0k48g48ocgo' && GIT_SSH_COMMAND="ssh -o StrictHostKeyChecking=no -o UserKnownHostsFile=/dev/null" git lfs pull'
2026-Feb-14 04:36:25.058818 Cloning into '/artifacts/c4gs848cogcsg0k48g48ocgo'...
2026-Feb-14 04:36:26.376677 [CMD]: docker exec c4gs848cogcsg0k48g48ocgo bash -c 'cd /artifacts/c4gs848cogcsg0k48g48ocgo && git log -1 636af538b037a735bc208baf34241fabc30f9ecb --pretty=%B'
2026-Feb-14 04:36:26.376677 feat: add Dockerfile for Coolify/Docker deployment
2026-Feb-14 04:36:26.782486 Image not found (x0ogw8k40cgw8g8occw4ks0o:636af538b037a735bc208baf34241fabc30f9ecb). Building new image.
2026-Feb-14 04:36:28.397021 [CMD]: docker exec c4gs848cogcsg0k48g48ocgo bash -c 'cat /artifacts/c4gs848cogcsg0k48g48ocgo/Dockerfile'
2026-Feb-14 04:36:28.397021 FROM python:3.12-slim
2026-Feb-14 04:36:28.397021
2026-Feb-14 04:36:28.397021 WORKDIR /app
2026-Feb-14 04:36:28.397021
2026-Feb-14 04:36:28.397021 # Install build dependencies for native extensions
2026-Feb-14 04:36:28.397021 RUN apt-get update && apt-get install -y --no-install-recommends \
2026-Feb-14 04:36:28.397021 build-essential \
2026-Feb-14 04:36:28.397021 && rm -rf /var/lib/apt/lists/*
2026-Feb-14 04:36:28.397021
2026-Feb-14 04:36:28.397021 # Copy dependency definition first (cache layer)
2026-Feb-14 04:36:28.397021 COPY pyproject.toml .
2026-Feb-14 04:36:28.397021
2026-Feb-14 04:36:28.397021 # Install Python dependencies
2026-Feb-14 04:36:28.397021 RUN pip install --no-cache-dir .
2026-Feb-14 04:36:28.397021
2026-Feb-14 04:36:28.397021 # Copy application code
2026-Feb-14 04:36:28.397021 COPY modules/ modules/
2026-Feb-14 04:36:28.397021 COPY hive_commons/ hive_commons/
2026-Feb-14 04:36:28.397021 COPY .env.example .env
2026-Feb-14 04:36:28.397021
2026-Feb-14 04:36:28.397021 # Data directory for LanceDB
2026-Feb-14 04:36:28.397021 RUN mkdir -p /app/knowledge/memory
2026-Feb-14 04:36:28.397021
2026-Feb-14 04:36:28.397021 EXPOSE 8419
2026-Feb-14 04:36:28.397021
2026-Feb-14 04:36:28.397021 HEALTHCHECK --interval=30s --timeout=10s --start-period=90s --retries=3 \
2026-Feb-14 04:36:28.397021 CMD python -c "import urllib.request; urllib.request.urlopen('http://localhost:8419/mcp')" || exit 1
2026-Feb-14 04:36:28.397021
2026-Feb-14 04:36:28.397021 CMD ["python", "-u", "-m", "modules.mcp_server.midos_mcp", "--http", "--host", "0.0.0.0", "--port", "8419"]
2026-Feb-14 04:36:28.835549 Creating build-time .env file in /artifacts (outside Docker context).
2026-Feb-14 04:36:29.676684 [CMD]: docker exec c4gs848cogcsg0k48g48ocgo bash -c 'cat /artifacts/c4gs848cogcsg0k48g48ocgo/Dockerfile'
2026-Feb-14 04:36:29.676684 FROM python:3.12-slim
2026-Feb-14 04:36:29.676684
2026-Feb-14 04:36:29.676684 WORKDIR /app
2026-Feb-14 04:36:29.676684
2026-Feb-14 04:36:29.676684 # Install build dependencies for native extensions
2026-Feb-14 04:36:29.676684 RUN apt-get update && apt-get install -y --no-install-recommends \
2026-Feb-14 04:36:29.676684 build-essential \
2026-Feb-14 04:36:29.676684 && rm -rf /var/lib/apt/lists/*
2026-Feb-14 04:36:29.676684
2026-Feb-14 04:36:29.676684 # Copy dependency definition first (cache layer)
2026-Feb-14 04:36:29.676684 COPY pyproject.toml .
2026-Feb-14 04:36:29.676684
2026-Feb-14 04:36:29.676684 # Install Python dependencies
2026-Feb-14 04:36:29.676684 RUN pip install --no-cache-dir .
2026-Feb-14 04:36:29.676684
2026-Feb-14 04:36:29.676684 # Copy application code
2026-Feb-14 04:36:29.676684 COPY modules/ modules/
2026-Feb-14 04:36:29.676684 COPY hive_commons/ hive_commons/
2026-Feb-14 04:36:29.676684 COPY .env.example .env
2026-Feb-14 04:36:29.676684
2026-Feb-14 04:36:29.676684 # Data directory for LanceDB
2026-Feb-14 04:36:29.676684 RUN mkdir -p /app/knowledge/memory
2026-Feb-14 04:36:29.676684
2026-Feb-14 04:36:29.676684 EXPOSE 8419
2026-Feb-14 04:36:29.676684
2026-Feb-14 04:36:29.676684 HEALTHCHECK --interval=30s --timeout=10s --start-period=90s --retries=3 \
2026-Feb-14 04:36:29.676684 CMD python -c "import urllib.request; urllib.request.urlopen('http://localhost:8419/mcp')" || exit 1
2026-Feb-14 04:36:29.676684
2026-Feb-14 04:36:29.676684 CMD ["python", "-u", "-m", "modules.mcp_server.midos_mcp", "--http", "--host", "0.0.0.0", "--port", "8419"]
2026-Feb-14 04:36:29.691033 Final Dockerfile:
2026-Feb-14 04:36:30.552344 [CMD]: docker exec c4gs848cogcsg0k48g48ocgo bash -c 'cat /artifacts/c4gs848cogcsg0k48g48ocgo/Dockerfile'
2026-Feb-14 04:36:30.552344 FROM python:3.12-slim
2026-Feb-14 04:36:30.552344 ARG GEMINI_API_KEY=<REDACTED>
2026-Feb-14 04:36:30.552344 ARG COOLIFY_URL=http://x0ogw8k40cgw8g8occw4ks0o.5.161.96.136.sslip.io
2026-Feb-14 04:36:30.552344 ARG COOLIFY_FQDN=x0ogw8k40cgw8g8occw4ks0o.5.161.96.136.sslip.io
2026-Feb-14 04:36:30.552344 ARG COOLIFY_BRANCH=main
2026-Feb-14 04:36:30.552344 ARG COOLIFY_RESOURCE_UUID=x0ogw8k40cgw8g8occw4ks0o
2026-Feb-14 04:36:30.552344
2026-Feb-14 04:36:30.552344 WORKDIR /app
2026-Feb-14 04:36:30.552344
2026-Feb-14 04:36:30.552344 # Install build dependencies for native extensions
2026-Feb-14 04:36:30.552344 RUN apt-get update && apt-get install -y --no-install-recommends \
2026-Feb-14 04:36:30.552344 build-essential \
2026-Feb-14 04:36:30.552344 && rm -rf /var/lib/apt/lists/*
2026-Feb-14 04:36:30.552344
2026-Feb-14 04:36:30.552344 # Copy dependency definition first (cache layer)
2026-Feb-14 04:36:30.552344 COPY pyproject.toml .
2026-Feb-14 04:36:30.552344
2026-Feb-14 04:36:30.552344 # Install Python dependencies
2026-Feb-14 04:36:30.552344 RUN pip install --no-cache-dir .
2026-Feb-14 04:36:30.552344
2026-Feb-14 04:36:30.552344 # Copy application code
2026-Feb-14 04:36:30.552344 COPY modules/ modules/
2026-Feb-14 04:36:30.552344 COPY hive_commons/ hive_commons/
2026-Feb-14 04:36:30.552344 COPY .env.example .env
2026-Feb-14 04:36:30.552344
2026-Feb-14 04:36:30.552344 # Data directory for LanceDB
2026-Feb-14 04:36:30.552344 RUN mkdir -p /app/knowledge/memory
2026-Feb-14 04:36:30.552344
2026-Feb-14 04:36:30.552344 EXPOSE 8419
2026-Feb-14 04:36:30.552344
2026-Feb-14 04:36:30.552344 HEALTHCHECK --interval=30s --timeout=10s --start-period=90s --retries=3 \
2026-Feb-14 04:36:30.552344 CMD python -c "import urllib.request; urllib.request.urlopen('http://localhost:8419/mcp')" || exit 1
2026-Feb-14 04:36:30.552344
2026-Feb-14 04:36:30.552344 CMD ["python", "-u", "-m", "modules.mcp_server.midos_mcp", "--http", "--host", "0.0.0.0", "--port", "8419"]
2026-Feb-14 04:36:30.561848 ----------------------------------------
2026-Feb-14 04:36:30.574572 Building docker image started.
2026-Feb-14 04:36:30.585229 To check the current progress, click on Show Debug Logs.
2026-Feb-14 04:36:31.443040 [CMD]: docker exec c4gs848cogcsg0k48g48ocgo bash -c 'cat /artifacts/build.sh'
2026-Feb-14 04:36:31.443040 cd /artifacts/c4gs848cogcsg0k48g48ocgo && set -a && source /artifacts/build-time.env && set +a && docker build  --add-host coolify:10.0.1.5 --add-host coolify-db:10.0.1.4 --add-host coolify-realtime:10.0.1.2 --add-host coolify-redis:10.0.1.3 --network host -f /artifacts/c4gs848cogcsg0k48g48ocgo/Dockerfile --build-arg COOLIFY_URL --build-arg COOLIFY_FQDN --build-arg COOLIFY_BRANCH --build-arg COOLIFY_RESOURCE_UUID --build-arg GEMINI_API_KEY --build-arg COOLIFY_BUILD_SECRETS_HASH=9751a2846bfc54ea627adb6e5a6ce24603ca9f962584289a888c0dfd7dfeb0e5 --build-arg 'COOLIFY_URL' --build-arg 'COOLIFY_FQDN' --build-arg 'COOLIFY_BRANCH' --build-arg 'COOLIFY_RESOURCE_UUID' --progress plain -t x0ogw8k40cgw8g8occw4ks0o:636af538b037a735bc208baf34241fabc30f9ecb /artifacts/c4gs848cogcsg0k48g48ocgo
2026-Feb-14 04:36:32.122788 [CMD]: docker exec c4gs848cogcsg0k48g48ocgo bash -c 'bash /artifacts/build.sh'
2026-Feb-14 04:36:32.122788 #0 building with "default" instance using docker driver
2026-Feb-14 04:36:32.122788
2026-Feb-14 04:36:32.122788 #1 [internal] load build definition from Dockerfile
2026-Feb-14 04:36:32.122788 #1 transferring dockerfile: 1.12kB done
2026-Feb-14 04:36:32.122788 #1 DONE 0.0s
2026-Feb-14 04:36:32.122788
2026-Feb-14 04:36:32.122788 #2 [internal] load metadata for docker.io/library/python:3.12-slim
2026-Feb-14 04:36:32.320019 #2 DONE 0.3s
2026-Feb-14 04:36:32.428281 #3 [internal] load .dockerignore
2026-Feb-14 04:36:32.428281 #3 transferring context: 2B done
2026-Feb-14 04:36:32.428281 #3 DONE 0.0s
2026-Feb-14 04:36:32.428281
2026-Feb-14 04:36:32.428281 #4 [internal] load build context
2026-Feb-14 04:36:32.428281 #4 transferring context: 153.65kB 0.0s done
2026-Feb-14 04:36:32.428281 #4 DONE 0.1s
2026-Feb-14 04:36:32.428281
2026-Feb-14 04:36:32.428281 #5 [1/9] FROM docker.io/library/python:3.12-slim@sha256:9e01bf1ae5db7649a236da7be1e94ffbbbdd7a93f867dd0d8d5720d9e1f89fab
2026-Feb-14 04:36:32.428281 #5 resolve docker.io/library/python:3.12-slim@sha256:9e01bf1ae5db7649a236da7be1e94ffbbbdd7a93f867dd0d8d5720d9e1f89fab done
2026-Feb-14 04:36:32.428281 #5 sha256:9e01bf1ae5db7649a236da7be1e94ffbbbdd7a93f867dd0d8d5720d9e1f89fab 10.37kB / 10.37kB done
2026-Feb-14 04:36:32.428281 #5 sha256:48006ff57afe15f247ad3da166e9487da0f66a94adbc92810b0e189382d79246 1.75kB / 1.75kB done
2026-Feb-14 04:36:32.428281 #5 sha256:b3b92273ebb48091c16ef5f9cc1fdde40d18c7365ec38df5e9f900a2aeb3db1c 5.66kB / 5.66kB done
2026-Feb-14 04:36:32.428281 #5 DONE 0.1s
2026-Feb-14 04:36:32.619236 #6 [2/9] WORKDIR /app
2026-Feb-14 04:36:32.619236 #6 DONE 0.0s
2026-Feb-14 04:36:32.619236
2026-Feb-14 04:36:32.619236 #7 [3/9] RUN apt-get update && apt-get install -y --no-install-recommends     build-essential     && rm -rf /var/lib/apt/lists/*
2026-Feb-14 04:36:32.622240 #7 0.153 Hit:1 http://deb.debian.org/debian trixie InRelease
2026-Feb-14 04:36:32.622240 #7 0.153 Get:2 http://deb.debian.org/debian trixie-updates InRelease [47.3 kB]
2026-Feb-14 04:36:32.744181 #7 0.164 Get:3 http://deb.debian.org/debian-security trixie-security InRelease [43.4 kB]
2026-Feb-14 04:36:32.744181 #7 0.195 Get:4 http://deb.debian.org/debian trixie/main amd64 Packages [9670 kB]
2026-Feb-14 04:36:32.744181 #7 0.275 Get:5 http://deb.debian.org/debian trixie-updates/main amd64 Packages [5412 B]
2026-Feb-14 04:36:32.895315 #7 0.276 Get:6 http://deb.debian.org/debian-security trixie-security/main amd64 Packages [108 kB]
2026-Feb-14 04:36:33.479398 #7 1.011 Fetched 9874 kB in 1s (11.2 MB/s)
2026-Feb-14 04:36:33.479398 #7 1.011 Reading package lists...
2026-Feb-14 04:36:34.123248
2026-Feb-14 04:36:34.300931 #7 1.681 Reading package lists...
2026-Feb-14 04:36:34.941674
2026-Feb-14 04:36:35.105674 #7 2.487 Building dependency tree...
2026-Feb-14 04:36:35.157887 #7 2.689 Reading state information...
2026-Feb-14 04:36:35.308625
2026-Feb-14 04:36:35.358739 #7 2.889 The following additional packages will be installed:
2026-Feb-14 04:36:35.358739 #7 2.889   binutils binutils-common binutils-x86-64-linux-gnu bzip2 cpp cpp-14
2026-Feb-14 04:36:35.358739 #7 2.889   cpp-14-x86-64-linux-gnu cpp-x86-64-linux-gnu dpkg-dev g++ g++-14
2026-Feb-14 04:36:35.511708 #7 2.890   g++-14-x86-64-linux-gnu g++-x86-64-linux-gnu gcc gcc-14
2026-Feb-14 04:36:35.511708 #7 2.890   gcc-14-x86-64-linux-gnu gcc-x86-64-linux-gnu libasan8 libatomic1 libbinutils
2026-Feb-14 04:36:35.511708 #7 2.890   libc-dev-bin libc6-dev libcc1-0 libcrypt-dev libctf-nobfd0 libctf0
2026-Feb-14 04:36:35.511708 #7 2.890   libdpkg-perl libgcc-14-dev libgdbm-compat4t64 libgomp1 libgprofng0
2026-Feb-14 04:36:35.511708 #7 2.890   libhwasan0 libisl23 libitm1 libjansson4 liblsan0 libmpc3 libmpfr6
2026-Feb-14 04:36:35.511708 #7 2.890   libperl5.40 libquadmath0 libsframe1 libstdc++-14-dev libtsan2 libubsan1
2026-Feb-14 04:36:35.511708 #7 2.891   linux-libc-dev make patch perl perl-modules-5.40 rpcsvc-proto xz-utils
2026-Feb-14 04:36:35.511708 #7 2.892 Suggested packages:
2026-Feb-14 04:36:35.511708 #7 2.892   binutils-doc gprofng-gui binutils-gold bzip2-doc cpp-doc gcc-14-locales
2026-Feb-14 04:36:35.511708 #7 2.892   cpp-14-doc debian-keyring debian-tag2upload-keyring g++-multilib
2026-Feb-14 04:36:35.511708 #7 2.892   g++-14-multilib gcc-14-doc gcc-multilib manpages-dev autoconf automake
2026-Feb-14 04:36:35.511708 #7 2.892   libtool flex bison gdb gcc-doc gcc-14-multilib gdb-x86-64-linux-gnu
2026-Feb-14 04:36:35.511708 #7 2.892   libc-devtools glibc-doc sq | sqop | rsop | gosop | pgpainless-cli | gpg-sq
2026-Feb-14 04:36:35.511708 #7 2.892   | gnupg sensible-utils git bzr libstdc++-14-doc make-doc ed diffutils-doc
2026-Feb-14 04:36:35.511708 #7 2.892   perl-doc libterm-readline-gnu-perl | libterm-readline-perl-perl
2026-Feb-14 04:36:35.511708 #7 2.892   libtap-harness-archive-perl
2026-Feb-14 04:36:35.511708 #7 2.892 Recommended packages:
2026-Feb-14 04:36:35.511708 #7 2.892   fakeroot sq | sqop | rsop | gosop | pgpainless-cli | gpg-sq | gnupg
2026-Feb-14 04:36:35.511708 #7 2.892   libalgorithm-merge-perl manpages manpages-dev libfile-fcntllock-perl
2026-Feb-14 04:36:35.511708 #7 2.892   liblocale-gettext-perl
2026-Feb-14 04:36:35.560530 #7 3.092 The following NEW packages will be installed:
2026-Feb-14 04:36:35.560530 #7 3.092   binutils binutils-common binutils-x86-64-linux-gnu build-essential bzip2 cpp
2026-Feb-14 04:36:35.662994 #7 3.092   cpp-14 cpp-14-x86-64-linux-gnu cpp-x86-64-linux-gnu dpkg-dev g++ g++-14
2026-Feb-14 04:36:35.662994 #7 3.092   g++-14-x86-64-linux-gnu g++-x86-64-linux-gnu gcc gcc-14
2026-Feb-14 04:36:35.662994 #7 3.093   gcc-14-x86-64-linux-gnu gcc-x86-64-linux-gnu libasan8 libatomic1 libbinutils
2026-Feb-14 04:36:35.662994 #7 3.093   libc-dev-bin libc6-dev libcc1-0 libcrypt-dev libctf-nobfd0 libctf0
2026-Feb-14 04:36:35.662994 #7 3.093   libdpkg-perl libgcc-14-dev libgdbm-compat4t64 libgomp1 libgprofng0
2026-Feb-14 04:36:35.662994 #7 3.093   libhwasan0 libisl23 libitm1 libjansson4 liblsan0 libmpc3 libmpfr6
2026-Feb-14 04:36:35.662994 #7 3.093   libperl5.40 libquadmath0 libsframe1 libstdc++-14-dev libtsan2 libubsan1
2026-Feb-14 04:36:35.662994 #7 3.094   linux-libc-dev make patch perl perl-modules-5.40 rpcsvc-proto xz-utils
2026-Feb-14 04:36:35.662994 #7 3.129 0 upgraded, 52 newly installed, 0 to remove and 0 not upgraded.
2026-Feb-14 04:36:35.662994 #7 3.129 Need to get 82.4 MB of archives.
2026-Feb-14 04:36:35.662994 #7 3.129 After this operation, 336 MB of additional disk space will be used.
2026-Feb-14 04:36:35.662994 #7 3.129 Get:1 http://deb.debian.org/debian trixie/main amd64 bzip2 amd64 1.0.8-6 [40.5 kB]
2026-Feb-14 04:36:35.662994 #7 3.132 Get:2 http://deb.debian.org/debian trixie/main amd64 perl-modules-5.40 all 5.40.1-6 [3019 kB]
2026-Feb-14 04:36:35.662994 #7 3.146 Get:3 http://deb.debian.org/debian trixie/main amd64 libgdbm-compat4t64 amd64 1.24-2 [50.3 kB]
2026-Feb-14 04:36:35.662994 #7 3.146 Get:4 http://deb.debian.org/debian trixie/main amd64 libperl5.40 amd64 5.40.1-6 [4341 kB]
2026-Feb-14 04:36:35.662994 #7 3.161 Get:5 http://deb.debian.org/debian trixie/main amd64 perl amd64 5.40.1-6 [267 kB]
2026-Feb-14 04:36:35.662994 #7 3.162 Get:6 http://deb.debian.org/debian trixie/main amd64 xz-utils amd64 5.8.1-1 [660 kB]
2026-Feb-14 04:36:35.662994 #7 3.164 Get:7 http://deb.debian.org/debian trixie/main amd64 libsframe1 amd64 2.44-3 [78.4 kB]
2026-Feb-14 04:36:35.662994 #7 3.165 Get:8 http://deb.debian.org/debian trixie/main amd64 binutils-common amd64 2.44-3 [2509 kB]
2026-Feb-14 04:36:35.662994 #7 3.174 Get:9 http://deb.debian.org/debian trixie/main amd64 libbinutils amd64 2.44-3 [534 kB]
2026-Feb-14 04:36:35.662994 #7 3.177 Get:10 http://deb.debian.org/debian trixie/main amd64 libgprofng0 amd64 2.44-3 [808 kB]
2026-Feb-14 04:36:35.662994 #7 3.180 Get:11 http://deb.debian.org/debian trixie/main amd64 libctf-nobfd0 amd64 2.44-3 [156 kB]
2026-Feb-14 04:36:35.662994 #7 3.181 Get:12 http://deb.debian.org/debian trixie/main amd64 libctf0 amd64 2.44-3 [88.6 kB]
2026-Feb-14 04:36:35.662994 #7 3.181 Get:13 http://deb.debian.org/debian trixie/main amd64 libjansson4 amd64 2.14-2+b3 [39.8 kB]
2026-Feb-14 04:36:35.662994 #7 3.182 Get:14 http://deb.debian.org/debian trixie/main amd64 binutils-x86-64-linux-gnu amd64 2.44-3 [1014 kB]
2026-Feb-14 04:36:35.662994 #7 3.186 Get:15 http://deb.debian.org/debian trixie/main amd64 binutils amd64 2.44-3 [265 kB]
2026-Feb-14 04:36:35.662994 #7 3.187 Get:16 http://deb.debian.org/debian trixie/main amd64 libc-dev-bin amd64 2.41-12+deb13u1 [58.5 kB]
2026-Feb-14 04:36:35.662994 #7 3.188 Get:17 http://deb.debian.org/debian-security trixie-security/main amd64 linux-libc-dev all 6.12.69-1 [2742 kB]
2026-Feb-14 04:36:35.662994 #7 3.194 Get:18 http://deb.debian.org/debian trixie/main amd64 libcrypt-dev amd64 1:4.4.38-1 [119 kB]
2026-Feb-14 04:36:35.808974 #7 3.194 Get:19 http://deb.debian.org/debian trixie/main amd64 rpcsvc-proto amd64 1.4.3-1 [63.3 kB]
2026-Feb-14 04:36:35.819929 #7 3.195 Get:20 http://deb.debian.org/debian trixie/main amd64 libc6-dev amd64 2.41-12+deb13u1 [1994 kB]
2026-Feb-14 04:36:35.819929 #7 3.202 Get:21 http://deb.debian.org/debian trixie/main amd64 libisl23 amd64 0.27-1 [659 kB]
2026-Feb-14 04:36:35.819929 #7 3.205 Get:22 http://deb.debian.org/debian trixie/main amd64 libmpfr6 amd64 4.2.2-1 [729 kB]
2026-Feb-14 04:36:35.819929 #7 3.208 Get:23 http://deb.debian.org/debian trixie/main amd64 libmpc3 amd64 1.3.1-1+b3 [52.2 kB]
2026-Feb-14 04:36:35.819929 #7 3.208 Get:24 http://deb.debian.org/debian trixie/main amd64 cpp-14-x86-64-linux-gnu amd64 14.2.0-19 [11.0 MB]
2026-Feb-14 04:36:35.819929 #7 3.242 Get:25 http://deb.debian.org/debian trixie/main amd64 cpp-14 amd64 14.2.0-19 [1280 B]
2026-Feb-14 04:36:35.819929 #7 3.242 Get:26 http://deb.debian.org/debian trixie/main amd64 cpp-x86-64-linux-gnu amd64 4:14.2.0-1 [4840 B]
2026-Feb-14 04:36:35.819929 #7 3.242 Get:27 http://deb.debian.org/debian trixie/main amd64 cpp amd64 4:14.2.0-1 [1568 B]
2026-Feb-14 04:36:35.819929 #7 3.242 Get:28 http://deb.debian.org/debian trixie/main amd64 libcc1-0 amd64 14.2.0-19 [42.8 kB]
2026-Feb-14 04:36:35.819929 #7 3.243 Get:29 http://deb.debian.org/debian trixie/main amd64 libgomp1 amd64 14.2.0-19 [137 kB]
2026-Feb-14 04:36:35.819929 #7 3.243 Get:30 http://deb.debian.org/debian trixie/main amd64 libitm1 amd64 14.2.0-19 [26.0 kB]
2026-Feb-14 04:36:35.819929 #7 3.244 Get:31 http://deb.debian.org/debian trixie/main amd64 libatomic1 amd64 14.2.0-19 [9308 B]
2026-Feb-14 04:36:35.819929 #7 3.244 Get:32 http://deb.debian.org/debian trixie/main amd64 libasan8 amd64 14.2.0-19 [2725 kB]
2026-Feb-14 04:36:35.819929 #7 3.252 Get:33 http://deb.debian.org/debian trixie/main amd64 liblsan0 amd64 14.2.0-19 [1204 kB]
2026-Feb-14 04:36:35.819929 #7 3.256 Get:34 http://deb.debian.org/debian trixie/main amd64 libtsan2 amd64 14.2.0-19 [2460 kB]
2026-Feb-14 04:36:35.819929 #7 3.263 Get:35 http://deb.debian.org/debian trixie/main amd64 libubsan1 amd64 14.2.0-19 [1074 kB]
2026-Feb-14 04:36:35.819929 #7 3.266 Get:36 http://deb.debian.org/debian trixie/main amd64 libhwasan0 amd64 14.2.0-19 [1488 kB]
2026-Feb-14 04:36:35.819929 #7 3.270 Get:37 http://deb.debian.org/debian trixie/main amd64 libquadmath0 amd64 14.2.0-19 [145 kB]
2026-Feb-14 04:36:35.819929 #7 3.271 Get:38 http://deb.debian.org/debian trixie/main amd64 libgcc-14-dev amd64 14.2.0-19 [2672 kB]
2026-Feb-14 04:36:35.819929 #7 3.279 Get:39 http://deb.debian.org/debian trixie/main amd64 gcc-14-x86-64-linux-gnu amd64 14.2.0-19 [21.4 MB]
2026-Feb-14 04:36:35.819929 #7 3.341 Get:40 http://deb.debian.org/debian trixie/main amd64 gcc-14 amd64 14.2.0-19 [540 kB]
2026-Feb-14 04:36:36.014856 #7 3.343 Get:41 http://deb.debian.org/debian trixie/main amd64 gcc-x86-64-linux-gnu amd64 4:14.2.0-1 [1436 B]
2026-Feb-14 04:36:36.014856 #7 3.343 Get:42 http://deb.debian.org/debian trixie/main amd64 gcc amd64 4:14.2.0-1 [5136 B]
2026-Feb-14 04:36:36.014856 #7 3.343 Get:43 http://deb.debian.org/debian trixie/main amd64 libstdc++-14-dev amd64 14.2.0-19 [2376 kB]
2026-Feb-14 04:36:36.014856 #7 3.350 Get:44 http://deb.debian.org/debian trixie/main amd64 g++-14-x86-64-linux-gnu amd64 14.2.0-19 [12.1 MB]
2026-Feb-14 04:36:36.014856 #7 3.386 Get:45 http://deb.debian.org/debian trixie/main amd64 g++-14 amd64 14.2.0-19 [22.5 kB]
2026-Feb-14 04:36:36.014856 #7 3.386 Get:46 http://deb.debian.org/debian trixie/main amd64 g++-x86-64-linux-gnu amd64 4:14.2.0-1 [1200 B]
2026-Feb-14 04:36:36.014856 #7 3.386 Get:47 http://deb.debian.org/debian trixie/main amd64 g++ amd64 4:14.2.0-1 [1344 B]
2026-Feb-14 04:36:36.014856 #7 3.386 Get:48 http://deb.debian.org/debian trixie/main amd64 make amd64 4.4.1-2 [463 kB]
2026-Feb-14 04:36:36.014856 #7 3.388 Get:49 http://deb.debian.org/debian trixie/main amd64 libdpkg-perl all 1.22.21 [650 kB]
2026-Feb-14 04:36:36.014856 #7 3.390 Get:50 http://deb.debian.org/debian trixie/main amd64 patch amd64 2.8-2 [134 kB]
2026-Feb-14 04:36:36.014856 #7 3.391 Get:51 http://deb.debian.org/debian trixie/main amd64 dpkg-dev all 1.22.21 [1338 kB]
2026-Feb-14 04:36:36.014856 #7 3.396 Get:52 http://deb.debian.org/debian trixie/main amd64 build-essential amd64 12.12 [4624 B]
2026-Feb-14 04:36:36.084184 #7 3.616 debconf: unable to initialize frontend: Dialog
2026-Feb-14 04:36:36.084184 #7 3.616 debconf: (TERM is not set, so the dialog frontend is not usable.)
2026-Feb-14 04:36:36.084184 #7 3.616 debconf: falling back to frontend: Readline
2026-Feb-14 04:36:36.243906 #7 3.616 debconf: unable to initialize frontend: Readline
2026-Feb-14 04:36:36.243906 #7 3.616 debconf: (Can't locate Term/ReadLine.pm in @INC (you may need to install the Term::ReadLine module) (@INC entries checked: /etc/perl /usr/local/lib/x86_64-linux-gnu/perl/5.40.1 /usr/local/share/perl/5.40.1 /usr/lib/x86_64-linux-gnu/perl5/5.40 /usr/share/perl5 /usr/lib/x86_64-linux-gnu/perl-base /usr/lib/x86_64-linux-gnu/perl/5.40 /usr/share/perl/5.40 /usr/local/lib/site_perl) at /usr/share/perl5/Debconf/FrontEnd/Readline.pm line 8, <STDIN> line 52.)
2026-Feb-14 04:36:36.243906 #7 3.616 debconf: falling back to frontend: Teletype
2026-Feb-14 04:36:36.243906 #7 3.623 debconf: unable to initialize frontend: Teletype
2026-Feb-14 04:36:36.243906 #7 3.623 debconf: (This frontend requires a controlling tty.)
2026-Feb-14 04:36:36.243906 #7 3.623 debconf: falling back to frontend: Noninteractive
2026-Feb-14 04:36:37.583614 #7 5.115 Fetched 82.4 MB in 0s (291 MB/s)
2026-Feb-14 04:36:37.822054 #7 5.145 Selecting previously unselected package bzip2.
2026-Feb-14 04:36:37.822054 #7 5.145 (Reading database ... 
(Reading database ... 5%
(Reading database ... 10%
(Reading database ... 15%
(Reading database ... 20%
(Reading database ... 25%
(Reading database ... 30%
(Reading database ... 35%
(Reading database ... 40%
(Reading database ... 45%
(Reading database ... 50%
(Reading database ... 55%
(Reading database ... 60%
(Reading database ... 65%
(Reading database ... 70%
(Reading database ... 75%
(Reading database ... 80%
(Reading database ... 85%
(Reading database ... 90%
(Reading database ... 95%
(Reading database ... 100%
(Reading database ... 5645 files and directories currently installed.)
2026-Feb-14 04:36:37.822054 #7 5.172 Preparing to unpack .../00-bzip2_1.0.8-6_amd64.deb ...
2026-Feb-14 04:36:37.822054 #7 5.174 Unpacking bzip2 (1.0.8-6) ...
2026-Feb-14 04:36:37.822054 #7 5.200 Selecting previously unselected package perl-modules-5.40.
2026-Feb-14 04:36:37.822054 #7 5.202 Preparing to unpack .../01-perl-modules-5.40_5.40.1-6_all.deb ...
2026-Feb-14 04:36:37.822054 #7 5.203 Unpacking perl-modules-5.40 (5.40.1-6) ...
2026-Feb-14 04:36:37.911790 #7 5.444 Selecting previously unselected package libgdbm-compat4t64:amd64.
2026-Feb-14 04:36:38.095972 #7 5.445 Preparing to unpack .../02-libgdbm-compat4t64_1.24-2_amd64.deb ...
2026-Feb-14 04:36:38.095972 #7 5.450 Unpacking libgdbm-compat4t64:amd64 (1.24-2) ...
2026-Feb-14 04:36:38.095972 #7 5.473 Selecting previously unselected package libperl5.40:amd64.
2026-Feb-14 04:36:38.095972 #7 5.474 Preparing to unpack .../03-libperl5.40_5.40.1-6_amd64.deb ...
2026-Feb-14 04:36:38.095972 #7 5.476 Unpacking libperl5.40:amd64 (5.40.1-6) ...
2026-Feb-14 04:36:38.178044 #7 5.710 Selecting previously unselected package perl.
2026-Feb-14 04:36:38.403316 #7 5.711 Preparing to unpack .../04-perl_5.40.1-6_amd64.deb ...
2026-Feb-14 04:36:38.403316 #7 5.713 Unpacking perl (5.40.1-6) ...
2026-Feb-14 04:36:38.403316 #7 5.740 Selecting previously unselected package xz-utils.
2026-Feb-14 04:36:38.403316 #7 5.742 Preparing to unpack .../05-xz-utils_5.8.1-1_amd64.deb ...
2026-Feb-14 04:36:38.403316 #7 5.744 Unpacking xz-utils (5.8.1-1) ...
2026-Feb-14 04:36:38.403316 #7 5.780 Selecting previously unselected package libsframe1:amd64.
2026-Feb-14 04:36:38.403316 #7 5.781 Preparing to unpack .../06-libsframe1_2.44-3_amd64.deb ...
2026-Feb-14 04:36:38.403316 #7 5.783 Unpacking libsframe1:amd64 (2.44-3) ...
2026-Feb-14 04:36:38.403316 #7 5.803 Selecting previously unselected package binutils-common:amd64.
2026-Feb-14 04:36:38.403316 #7 5.804 Preparing to unpack .../07-binutils-common_2.44-3_amd64.deb ...
2026-Feb-14 04:36:38.403316 #7 5.806 Unpacking binutils-common:amd64 (2.44-3) ...
2026-Feb-14 04:36:38.403316 #7 5.935 Selecting previously unselected package libbinutils:amd64.
2026-Feb-14 04:36:38.524005 #7 5.937 Preparing to unpack .../08-libbinutils_2.44-3_amd64.deb ...
2026-Feb-14 04:36:38.524005 #7 5.939 Unpacking libbinutils:amd64 (2.44-3) ...
2026-Feb-14 04:36:38.524005 #7 5.991 Selecting previously unselected package libgprofng0:amd64.
2026-Feb-14 04:36:38.524005 #7 5.993 Preparing to unpack .../09-libgprofng0_2.44-3_amd64.deb ...
2026-Feb-14 04:36:38.524005 #7 5.994 Unpacking libgprofng0:amd64 (2.44-3) ...
2026-Feb-14 04:36:38.524005 #7 6.056 Selecting previously unselected package libctf-nobfd0:amd64.
2026-Feb-14 04:36:38.693744 #7 6.057 Preparing to unpack .../10-libctf-nobfd0_2.44-3_amd64.deb ...
2026-Feb-14 04:36:38.693744 #7 6.060 Unpacking libctf-nobfd0:amd64 (2.44-3) ...
2026-Feb-14 04:36:38.693744 #7 6.086 Selecting previously unselected package libctf0:amd64.
2026-Feb-14 04:36:38.693744 #7 6.087 Preparing to unpack .../11-libctf0_2.44-3_amd64.deb ...
2026-Feb-14 04:36:38.693744 #7 6.089 Unpacking libctf0:amd64 (2.44-3) ...
2026-Feb-14 04:36:38.693744 #7 6.113 Selecting previously unselected package libjansson4:amd64.
2026-Feb-14 04:36:38.693744 #7 6.114 Preparing to unpack .../12-libjansson4_2.14-2+b3_amd64.deb ...
2026-Feb-14 04:36:38.693744 #7 6.116 Unpacking libjansson4:amd64 (2.14-2+b3) ...
2026-Feb-14 04:36:38.693744 #7 6.135 Selecting previously unselected package binutils-x86-64-linux-gnu.
2026-Feb-14 04:36:38.693744 #7 6.137 Preparing to unpack .../13-binutils-x86-64-linux-gnu_2.44-3_amd64.deb ...
2026-Feb-14 04:36:38.693744 #7 6.139 Unpacking binutils-x86-64-linux-gnu (2.44-3) ...
2026-Feb-14 04:36:38.693744 #7 6.225 Selecting previously unselected package binutils.
2026-Feb-14 04:36:38.908764 #7 6.227 Preparing to unpack .../14-binutils_2.44-3_amd64.deb ...
2026-Feb-14 04:36:38.908764 #7 6.230 Unpacking binutils (2.44-3) ...
2026-Feb-14 04:36:38.908764 #7 6.260 Selecting previously unselected package libc-dev-bin.
2026-Feb-14 04:36:38.908764 #7 6.262 Preparing to unpack .../15-libc-dev-bin_2.41-12+deb13u1_amd64.deb ...
2026-Feb-14 04:36:38.908764 #7 6.264 Unpacking libc-dev-bin (2.41-12+deb13u1) ...
2026-Feb-14 04:36:38.908764 #7 6.286 Selecting previously unselected package linux-libc-dev.
2026-Feb-14 04:36:38.908764 #7 6.288 Preparing to unpack .../16-linux-libc-dev_6.12.69-1_all.deb ...
2026-Feb-14 04:36:38.908764 #7 6.290 Unpacking linux-libc-dev (6.12.69-1) ...
2026-Feb-14 04:36:39.011478 #7 6.543 Selecting previously unselected package libcrypt-dev:amd64.
2026-Feb-14 04:36:39.190609 #7 6.546 Preparing to unpack .../17-libcrypt-dev_1%3a4.4.38-1_amd64.deb ...
2026-Feb-14 04:36:39.190609 #7 6.553 Unpacking libcrypt-dev:amd64 (1:4.4.38-1) ...
2026-Feb-14 04:36:39.190609 #7 6.574 Selecting previously unselected package rpcsvc-proto.
2026-Feb-14 04:36:39.190609 #7 6.576 Preparing to unpack .../18-rpcsvc-proto_1.4.3-1_amd64.deb ...
2026-Feb-14 04:36:39.190609 #7 6.578 Unpacking rpcsvc-proto (1.4.3-1) ...
2026-Feb-14 04:36:39.190609 #7 6.598 Selecting previously unselected package libc6-dev:amd64.
2026-Feb-14 04:36:39.190609 #7 6.600 Preparing to unpack .../19-libc6-dev_2.41-12+deb13u1_amd64.deb ...
2026-Feb-14 04:36:39.190609 #7 6.602 Unpacking libc6-dev:amd64 (2.41-12+deb13u1) ...
2026-Feb-14 04:36:39.190609 #7 6.722 Selecting previously unselected package libisl23:amd64.
2026-Feb-14 04:36:39.291243 #7 6.724 Preparing to unpack .../20-libisl23_0.27-1_amd64.deb ...
2026-Feb-14 04:36:39.291243 #7 6.727 Unpacking libisl23:amd64 (0.27-1) ...
2026-Feb-14 04:36:39.291243 #7 6.780 Selecting previously unselected package libmpfr6:amd64.
2026-Feb-14 04:36:39.291243 #7 6.781 Preparing to unpack .../21-libmpfr6_4.2.2-1_amd64.deb ...
2026-Feb-14 04:36:39.291243 #7 6.783 Unpacking libmpfr6:amd64 (4.2.2-1) ...
2026-Feb-14 04:36:39.291243 #7 6.820 Selecting previously unselected package libmpc3:amd64.
2026-Feb-14 04:36:39.291243 #7 6.822 Preparing to unpack .../22-libmpc3_1.3.1-1+b3_amd64.deb ...
2026-Feb-14 04:36:39.291243 #7 6.823 Unpacking libmpc3:amd64 (1.3.1-1+b3) ...
2026-Feb-14 04:36:39.467097 #7 6.844 Selecting previously unselected package cpp-14-x86-64-linux-gnu.
2026-Feb-14 04:36:39.467097 #7 6.846 Preparing to unpack .../23-cpp-14-x86-64-linux-gnu_14.2.0-19_amd64.deb ...
2026-Feb-14 04:36:39.467097 #7 6.848 Unpacking cpp-14-x86-64-linux-gnu (14.2.0-19) ...
2026-Feb-14 04:36:39.738374 #7 7.270 Selecting previously unselected package cpp-14.
2026-Feb-14 04:36:39.839816 #7 7.273 Preparing to unpack .../24-cpp-14_14.2.0-19_amd64.deb ...
2026-Feb-14 04:36:39.839816 #7 7.275 Unpacking cpp-14 (14.2.0-19) ...
2026-Feb-14 04:36:39.839816 #7 7.297 Selecting previously unselected package cpp-x86-64-linux-gnu.
2026-Feb-14 04:36:39.839816 #7 7.300 Preparing to unpack .../25-cpp-x86-64-linux-gnu_4%3a14.2.0-1_amd64.deb ...
2026-Feb-14 04:36:39.839816 #7 7.302 Unpacking cpp-x86-64-linux-gnu (4:14.2.0-1) ...
2026-Feb-14 04:36:39.839816 #7 7.328 Selecting previously unselected package cpp.
2026-Feb-14 04:36:39.839816 #7 7.330 Preparing to unpack .../26-cpp_4%3a14.2.0-1_amd64.deb ...
2026-Feb-14 04:36:39.839816 #7 7.338 Unpacking cpp (4:14.2.0-1) ...
2026-Feb-14 04:36:39.839816 #7 7.369 Selecting previously unselected package libcc1-0:amd64.
2026-Feb-14 04:36:39.839816 #7 7.371 Preparing to unpack .../27-libcc1-0_14.2.0-19_amd64.deb ...
2026-Feb-14 04:36:39.956826 #7 7.374 Unpacking libcc1-0:amd64 (14.2.0-19) ...
2026-Feb-14 04:36:39.956826 #7 7.401 Selecting previously unselected package libgomp1:amd64.
2026-Feb-14 04:36:39.956826 #7 7.403 Preparing to unpack .../28-libgomp1_14.2.0-19_amd64.deb ...
2026-Feb-14 04:36:39.956826 #7 7.405 Unpacking libgomp1:amd64 (14.2.0-19) ...
2026-Feb-14 04:36:39.956826 #7 7.432 Selecting previously unselected package libitm1:amd64.
2026-Feb-14 04:36:39.956826 #7 7.433 Preparing to unpack .../29-libitm1_14.2.0-19_amd64.deb ...
2026-Feb-14 04:36:39.956826 #7 7.435 Unpacking libitm1:amd64 (14.2.0-19) ...
2026-Feb-14 04:36:39.956826 #7 7.457 Selecting previously unselected package libatomic1:amd64.
2026-Feb-14 04:36:39.956826 #7 7.460 Preparing to unpack .../30-libatomic1_14.2.0-19_amd64.deb ...
2026-Feb-14 04:36:39.956826 #7 7.462 Unpacking libatomic1:amd64 (14.2.0-19) ...
2026-Feb-14 04:36:39.956826 #7 7.489 Selecting previously unselected package libasan8:amd64.
2026-Feb-14 04:36:40.111668 #7 7.491 Preparing to unpack .../31-libasan8_14.2.0-19_amd64.deb ...
2026-Feb-14 04:36:40.111668 #7 7.493 Unpacking libasan8:amd64 (14.2.0-19) ...
2026-Feb-14 04:36:40.119063 #7 7.651 Selecting previously unselected package liblsan0:amd64.
2026-Feb-14 04:36:40.361692 #7 7.654 Preparing to unpack .../32-liblsan0_14.2.0-19_amd64.deb ...
2026-Feb-14 04:36:40.361692 #7 7.656 Unpacking liblsan0:amd64 (14.2.0-19) ...
2026-Feb-14 04:36:40.361692 #7 7.745 Selecting previously unselected package libtsan2:amd64.
2026-Feb-14 04:36:40.361692 #7 7.747 Preparing to unpack .../33-libtsan2_14.2.0-19_amd64.deb ...
2026-Feb-14 04:36:40.361692 #7 7.751 Unpacking libtsan2:amd64 (14.2.0-19) ...
2026-Feb-14 04:36:40.361692 #7 7.893 Selecting previously unselected package libubsan1:amd64.
2026-Feb-14 04:36:40.527086 #7 7.896 Preparing to unpack .../34-libubsan1_14.2.0-19_amd64.deb ...
2026-Feb-14 04:36:40.527086 #7 7.899 Unpacking libubsan1:amd64 (14.2.0-19) ...
2026-Feb-14 04:36:40.527086 #7 7.970 Selecting previously unselected package libhwasan0:amd64.
2026-Feb-14 04:36:40.527086 #7 7.972 Preparing to unpack .../35-libhwasan0_14.2.0-19_amd64.deb ...
2026-Feb-14 04:36:40.527086 #7 7.974 Unpacking libhwasan0:amd64 (14.2.0-19) ...
2026-Feb-14 04:36:40.527086 #7 8.059 Selecting previously unselected package libquadmath0:amd64.
2026-Feb-14 04:36:40.682141 #7 8.061 Preparing to unpack .../36-libquadmath0_14.2.0-19_amd64.deb ...
2026-Feb-14 04:36:40.682141 #7 8.065 Unpacking libquadmath0:amd64 (14.2.0-19) ...
2026-Feb-14 04:36:40.682141 #7 8.089 Selecting previously unselected package libgcc-14-dev:amd64.
2026-Feb-14 04:36:40.682141 #7 8.091 Preparing to unpack .../37-libgcc-14-dev_14.2.0-19_amd64.deb ...
2026-Feb-14 04:36:40.682141 #7 8.093 Unpacking libgcc-14-dev:amd64 (14.2.0-19) ...
2026-Feb-14 04:36:40.682141 #7 8.214 Selecting previously unselected package gcc-14-x86-64-linux-gnu.
2026-Feb-14 04:36:40.838271 #7 8.216 Preparing to unpack .../38-gcc-14-x86-64-linux-gnu_14.2.0-19_amd64.deb ...
2026-Feb-14 04:36:40.838271 #7 8.217 Unpacking gcc-14-x86-64-linux-gnu (14.2.0-19) ...
2026-Feb-14 04:36:41.247900 #7 8.780 Selecting previously unselected package gcc-14.
2026-Feb-14 04:36:41.486223 #7 8.782 Preparing to unpack .../39-gcc-14_14.2.0-19_amd64.deb ...
2026-Feb-14 04:36:41.486223 #7 8.784 Unpacking gcc-14 (14.2.0-19) ...
2026-Feb-14 04:36:41.486223 #7 8.813 Selecting previously unselected package gcc-x86-64-linux-gnu.
2026-Feb-14 04:36:41.486223 #7 8.815 Preparing to unpack .../40-gcc-x86-64-linux-gnu_4%3a14.2.0-1_amd64.deb ...
2026-Feb-14 04:36:41.486223 #7 8.818 Unpacking gcc-x86-64-linux-gnu (4:14.2.0-1) ...
2026-Feb-14 04:36:41.486223 #7 8.839 Selecting previously unselected package gcc.
2026-Feb-14 04:36:41.486223 #7 8.841 Preparing to unpack .../41-gcc_4%3a14.2.0-1_amd64.deb ...
2026-Feb-14 04:36:41.486223 #7 8.843 Unpacking gcc (4:14.2.0-1) ...
2026-Feb-14 04:36:41.486223 #7 8.864 Selecting previously unselected package libstdc++-14-dev:amd64.
2026-Feb-14 04:36:41.486223 #7 8.865 Preparing to unpack .../42-libstdc++-14-dev_14.2.0-19_amd64.deb ...
2026-Feb-14 04:36:41.486223 #7 8.868 Unpacking libstdc++-14-dev:amd64 (14.2.0-19) ...
2026-Feb-14 04:36:41.522197 #7 9.054 Selecting previously unselected package g++-14-x86-64-linux-gnu.
2026-Feb-14 04:36:41.677269 #7 9.056 Preparing to unpack .../43-g++-14-x86-64-linux-gnu_14.2.0-19_amd64.deb ...
2026-Feb-14 04:36:41.677269 #7 9.058 Unpacking g++-14-x86-64-linux-gnu (14.2.0-19) ...
2026-Feb-14 04:36:41.960182 #7 9.492 Selecting previously unselected package g++-14.
2026-Feb-14 04:36:42.080218 #7 9.494 Preparing to unpack .../44-g++-14_14.2.0-19_amd64.deb ...
2026-Feb-14 04:36:42.080218 #7 9.496 Unpacking g++-14 (14.2.0-19) ...
2026-Feb-14 04:36:42.080218 #7 9.517 Selecting previously unselected package g++-x86-64-linux-gnu.
2026-Feb-14 04:36:42.080218 #7 9.519 Preparing to unpack .../45-g++-x86-64-linux-gnu_4%3a14.2.0-1_amd64.deb ...
2026-Feb-14 04:36:42.080218 #7 9.521 Unpacking g++-x86-64-linux-gnu (4:14.2.0-1) ...
2026-Feb-14 04:36:42.080218 #7 9.544 Selecting previously unselected package g++.
2026-Feb-14 04:36:42.080218 #7 9.547 Preparing to unpack .../46-g++_4%3a14.2.0-1_amd64.deb ...
2026-Feb-14 04:36:42.080218 #7 9.549 Unpacking g++ (4:14.2.0-1) ...
2026-Feb-14 04:36:42.080218 #7 9.569 Selecting previously unselected package make.
2026-Feb-14 04:36:42.080218 #7 9.571 Preparing to unpack .../47-make_4.4.1-2_amd64.deb ...
2026-Feb-14 04:36:42.080218 #7 9.573 Unpacking make (4.4.1-2) ...
2026-Feb-14 04:36:42.080218 #7 9.612 Selecting previously unselected package libdpkg-perl.
2026-Feb-14 04:36:42.188789 #7 9.615 Preparing to unpack .../48-libdpkg-perl_1.22.21_all.deb ...
2026-Feb-14 04:36:42.188789 #7 9.617 Unpacking libdpkg-perl (1.22.21) ...
2026-Feb-14 04:36:42.188789 #7 9.672 Selecting previously unselected package patch.
2026-Feb-14 04:36:42.188789 #7 9.675 Preparing to unpack .../49-patch_2.8-2_amd64.deb ...
2026-Feb-14 04:36:42.188789 #7 9.678 Unpacking patch (2.8-2) ...
2026-Feb-14 04:36:42.188789 #7 9.720 Selecting previously unselected package dpkg-dev.
2026-Feb-14 04:36:42.295009 #7 9.724 Preparing to unpack .../50-dpkg-dev_1.22.21_all.deb ...
2026-Feb-14 04:36:42.295009 #7 9.727 Unpacking dpkg-dev (1.22.21) ...
2026-Feb-14 04:36:42.295009 #7 9.792 Selecting previously unselected package build-essential.
2026-Feb-14 04:36:42.295009 #7 9.794 Preparing to unpack .../51-build-essential_12.12_amd64.deb ...
2026-Feb-14 04:36:42.295009 #7 9.796 Unpacking build-essential (12.12) ...
2026-Feb-14 04:36:42.295009 #7 9.827 Setting up libgdbm-compat4t64:amd64 (1.24-2) ...
2026-Feb-14 04:36:42.398446 #7 9.834 Setting up binutils-common:amd64 (2.44-3) ...
2026-Feb-14 04:36:42.398446 #7 9.840 Setting up linux-libc-dev (6.12.69-1) ...
2026-Feb-14 04:36:42.398446 #7 9.845 Setting up libctf-nobfd0:amd64 (2.44-3) ...
2026-Feb-14 04:36:42.398446 #7 9.850 Setting up libgomp1:amd64 (14.2.0-19) ...
2026-Feb-14 04:36:42.398446 #7 9.855 Setting up bzip2 (1.0.8-6) ...
2026-Feb-14 04:36:42.398446 #7 9.860 Setting up libsframe1:amd64 (2.44-3) ...
2026-Feb-14 04:36:42.398446 #7 9.866 Setting up libjansson4:amd64 (2.14-2+b3) ...
2026-Feb-14 04:36:42.398446 #7 9.871 Setting up rpcsvc-proto (1.4.3-1) ...
2026-Feb-14 04:36:42.398446 #7 9.876 Setting up make (4.4.1-2) ...
2026-Feb-14 04:36:42.398446 #7 9.882 Setting up libmpfr6:amd64 (4.2.2-1) ...
2026-Feb-14 04:36:42.398446 #7 9.887 Setting up xz-utils (5.8.1-1) ...
2026-Feb-14 04:36:42.398446 #7 9.897 update-alternatives: using /usr/bin/xz to provide /usr/bin/lzma (lzma) in auto mode
2026-Feb-14 04:36:42.398446 #7 9.898 update-alternatives: warning: skip creation of /usr/share/man/man1/lzma.1.gz because associated file /usr/share/man/man1/xz.1.gz (of link group lzma) doesn't exist
2026-Feb-14 04:36:42.398446 #7 9.898 update-alternatives: warning: skip creation of /usr/share/man/man1/unlzma.1.gz because associated file /usr/share/man/man1/unxz.1.gz (of link group lzma) doesn't exist
2026-Feb-14 04:36:42.398446 #7 9.898 update-alternatives: warning: skip creation of /usr/share/man/man1/lzcat.1.gz because associated file /usr/share/man/man1/xzcat.1.gz (of link group lzma) doesn't exist
2026-Feb-14 04:36:42.398446 #7 9.898 update-alternatives: warning: skip creation of /usr/share/man/man1/lzmore.1.gz because associated file /usr/share/man/man1/xzmore.1.gz (of link group lzma) doesn't exist
2026-Feb-14 04:36:42.398446 #7 9.899 update-alternatives: warning: skip creation of /usr/share/man/man1/lzless.1.gz because associated file /usr/share/man/man1/xzless.1.gz (of link group lzma) doesn't exist
2026-Feb-14 04:36:42.398446 #7 9.899 update-alternatives: warning: skip creation of /usr/share/man/man1/lzdiff.1.gz because associated file /usr/share/man/man1/xzdiff.1.gz (of link group lzma) doesn't exist
2026-Feb-14 04:36:42.398446 #7 9.899 update-alternatives: warning: skip creation of /usr/share/man/man1/lzcmp.1.gz because associated file /usr/share/man/man1/xzcmp.1.gz (of link group lzma) doesn't exist
2026-Feb-14 04:36:42.398446 #7 9.899 update-alternatives: warning: skip creation of /usr/share/man/man1/lzgrep.1.gz because associated file /usr/share/man/man1/xzgrep.1.gz (of link group lzma) doesn't exist
2026-Feb-14 04:36:42.398446 #7 9.899 update-alternatives: warning: skip creation of /usr/share/man/man1/lzegrep.1.gz because associated file /usr/share/man/man1/xzegrep.1.gz (of link group lzma) doesn't exist
2026-Feb-14 04:36:42.398446 #7 9.899 update-alternatives: warning: skip creation of /usr/share/man/man1/lzfgrep.1.gz because associated file /usr/share/man/man1/xzfgrep.1.gz (of link group lzma) doesn't exist
2026-Feb-14 04:36:42.398446 #7 9.904 Setting up libquadmath0:amd64 (14.2.0-19) ...
2026-Feb-14 04:36:42.398446 #7 9.909 Setting up libmpc3:amd64 (1.3.1-1+b3) ...
2026-Feb-14 04:36:42.398446 #7 9.914 Setting up libatomic1:amd64 (14.2.0-19) ...
2026-Feb-14 04:36:42.398446 #7 9.919 Setting up patch (2.8-2) ...
2026-Feb-14 04:36:42.398446 #7 9.925 Setting up libubsan1:amd64 (14.2.0-19) ...
2026-Feb-14 04:36:42.402118 #7 9.930 Setting up perl-modules-5.40 (5.40.1-6) ...
2026-Feb-14 04:36:42.503138 #7 9.936 Setting up libhwasan0:amd64 (14.2.0-19) ...
2026-Feb-14 04:36:42.503138 #7 9.941 Setting up libcrypt-dev:amd64 (1:4.4.38-1) ...
2026-Feb-14 04:36:42.503138 #7 9.952 Setting up libasan8:amd64 (14.2.0-19) ...
2026-Feb-14 04:36:42.503138 #7 9.957 Setting up libtsan2:amd64 (14.2.0-19) ...
2026-Feb-14 04:36:42.503138 #7 9.962 Setting up libbinutils:amd64 (2.44-3) ...
2026-Feb-14 04:36:42.503138 #7 9.968 Setting up libisl23:amd64 (0.27-1) ...
2026-Feb-14 04:36:42.503138 #7 9.974 Setting up libc-dev-bin (2.41-12+deb13u1) ...
2026-Feb-14 04:36:42.503138 #7 9.979 Setting up libcc1-0:amd64 (14.2.0-19) ...
2026-Feb-14 04:36:42.503138 #7 9.985 Setting up liblsan0:amd64 (14.2.0-19) ...
2026-Feb-14 04:36:42.503138 #7 9.989 Setting up libitm1:amd64 (14.2.0-19) ...
2026-Feb-14 04:36:42.503138 #7 9.995 Setting up libctf0:amd64 (2.44-3) ...
2026-Feb-14 04:36:42.503138 #7 10.00 Setting up libperl5.40:amd64 (5.40.1-6) ...
2026-Feb-14 04:36:42.503138 #7 10.01 Setting up perl (5.40.1-6) ...
2026-Feb-14 04:36:42.503138 #7 10.02 Setting up libgprofng0:amd64 (2.44-3) ...
2026-Feb-14 04:36:42.503138 #7 10.02 Setting up cpp-14-x86-64-linux-gnu (14.2.0-19) ...
2026-Feb-14 04:36:42.503138 #7 10.03 Setting up libdpkg-perl (1.22.21) ...
2026-Feb-14 04:36:42.503138 #7 10.03 Setting up cpp-14 (14.2.0-19) ...
2026-Feb-14 04:36:42.604838 #7 10.04 Setting up libc6-dev:amd64 (2.41-12+deb13u1) ...
2026-Feb-14 04:36:42.604838 #7 10.05 Setting up libgcc-14-dev:amd64 (14.2.0-19) ...
2026-Feb-14 04:36:42.604838 #7 10.05 Setting up libstdc++-14-dev:amd64 (14.2.0-19) ...
2026-Feb-14 04:36:42.604838 #7 10.06 Setting up binutils-x86-64-linux-gnu (2.44-3) ...
2026-Feb-14 04:36:42.604838 #7 10.06 Setting up cpp-x86-64-linux-gnu (4:14.2.0-1) ...
2026-Feb-14 04:36:42.604838 #7 10.07 Setting up binutils (2.44-3) ...
2026-Feb-14 04:36:42.604838 #7 10.08 Setting up dpkg-dev (1.22.21) ...
2026-Feb-14 04:36:42.604838 #7 10.09 Setting up cpp (4:14.2.0-1) ...
2026-Feb-14 04:36:42.604838 #7 10.10 Setting up gcc-14-x86-64-linux-gnu (14.2.0-19) ...
2026-Feb-14 04:36:42.604838 #7 10.11 Setting up gcc-x86-64-linux-gnu (4:14.2.0-1) ...
2026-Feb-14 04:36:42.604838 #7 10.11 Setting up gcc-14 (14.2.0-19) ...
2026-Feb-14 04:36:42.604838 #7 10.12 Setting up g++-14-x86-64-linux-gnu (14.2.0-19) ...
2026-Feb-14 04:36:42.604838 #7 10.13 Setting up g++-x86-64-linux-gnu (4:14.2.0-1) ...
2026-Feb-14 04:36:42.604838 #7 10.13 Setting up g++-14 (14.2.0-19) ...
2026-Feb-14 04:36:42.604838 #7 10.14 Setting up gcc (4:14.2.0-1) ...
2026-Feb-14 04:36:42.788581 #7 10.15 Setting up g++ (4:14.2.0-1) ...
2026-Feb-14 04:36:42.788581 #7 10.16 update-alternatives: using /usr/bin/g++ to provide /usr/bin/c++ (c++) in auto mode
2026-Feb-14 04:36:42.788581 #7 10.16 Setting up build-essential (12.12) ...
2026-Feb-14 04:36:42.788581 #7 10.17 Processing triggers for libc-bin (2.41-12+deb13u1) ...
2026-Feb-14 04:36:42.832260 #7 DONE 10.4s
2026-Feb-14 04:36:43.009046 #8 [4/9] COPY pyproject.toml .
2026-Feb-14 04:36:43.009046 #8 DONE 0.0s
2026-Feb-14 04:36:43.009046
2026-Feb-14 04:36:43.009046 #9 [5/9] RUN pip install --no-cache-dir .
2026-Feb-14 04:36:44.703563 #9 1.845 Processing /app
2026-Feb-14 04:36:44.858611 #9 1.849   Installing build dependencies: started
2026-Feb-14 04:36:45.744104 #9 2.886   Installing build dependencies: finished with status 'done'
2026-Feb-14 04:36:45.993741 #9 2.887   Getting requirements to build wheel: started
2026-Feb-14 04:36:45.993741 #9 2.984   Getting requirements to build wheel: finished with status 'done'
2026-Feb-14 04:36:45.993741 #9 2.985   Preparing metadata (pyproject.toml): started
2026-Feb-14 04:36:46.005698 #9 3.147   Preparing metadata (pyproject.toml): finished with status 'error'
2026-Feb-14 04:36:46.105875 #9 3.154   error: subprocess-exited-with-error
2026-Feb-14 04:36:46.105875 #9 3.154
2026-Feb-14 04:36:46.105875 #9 3.154   × Preparing metadata (pyproject.toml) did not run successfully.
2026-Feb-14 04:36:46.105875 #9 3.154   │ exit code: 1
2026-Feb-14 04:36:46.105875 #9 3.154   ╰─> [21 lines of output]
2026-Feb-14 04:36:46.105875 #9 3.154       Traceback (most recent call last):
2026-Feb-14 04:36:46.105875 #9 3.154         File "/usr/local/lib/python3.12/site-packages/pip/_vendor/pyproject_hooks/_in_process/_in_process.py", line 389, in <module>
2026-Feb-14 04:36:46.105875 #9 3.154           main()
2026-Feb-14 04:36:46.105875 #9 3.154         File "/usr/local/lib/python3.12/site-packages/pip/_vendor/pyproject_hooks/_in_process/_in_process.py", line 373, in main
2026-Feb-14 04:36:46.105875 #9 3.154           json_out["return_val"] = hook(**hook_input["kwargs"])
2026-Feb-14 04:36:46.105875 #9 3.154                                    ^^^^^^^^^^^^^^^^^^^^^^^^^^^^
2026-Feb-14 04:36:46.105875 #9 3.154         File "/usr/local/lib/python3.12/site-packages/pip/_vendor/pyproject_hooks/_in_process/_in_process.py", line 178, in prepare_metadata_for_build_wheel
2026-Feb-14 04:36:46.105875 #9 3.154           whl_basename = backend.build_wheel(metadata_directory, config_settings)
2026-Feb-14 04:36:46.105875 #9 3.154                          ^^^^^^^^^^^^^^^^^^^^^^^^^^^^^^^^^^^^^^^^^^^^^^^^^^^^^^^^
2026-Feb-14 04:36:46.105875 #9 3.154         File "/tmp/pip-build-env-6mvltfcx/overlay/lib/python3.12/site-packages/hatchling/build.py", line 58, in build_wheel
2026-Feb-14 04:36:46.105875 #9 3.154           return os.path.basename(next(builder.build(directory=wheel_directory, versions=["standard"])))
2026-Feb-14 04:36:46.105875 #9 3.154                                   ^^^^^^^^^^^^^^^^^^^^^^^^^^^^^^^^^^^^^^^^^^^^^^^^^^^^^^^^^^^^^^^^^^^^^
2026-Feb-14 04:36:46.105875 #9 3.154         File "/tmp/pip-build-env-6mvltfcx/overlay/lib/python3.12/site-packages/hatchling/builders/plugin/interface.py", line 92, in build
2026-Feb-14 04:36:46.105875 #9 3.154           self.metadata.validate_fields()
2026-Feb-14 04:36:46.105875 #9 3.154         File "/tmp/pip-build-env-6mvltfcx/overlay/lib/python3.12/site-packages/hatchling/metadata/core.py", line 266, in validate_fields
2026-Feb-14 04:36:46.105875 #9 3.154           self.core.validate_fields()
2026-Feb-14 04:36:46.105875 #9 3.154         File "/tmp/pip-build-env-6mvltfcx/overlay/lib/python3.12/site-packages/hatchling/metadata/core.py", line 1366, in validate_fields
2026-Feb-14 04:36:46.109750 #9 3.154           getattr(self, attribute)
2026-Feb-14 04:36:46.109750 #9 3.154         File "/tmp/pip-build-env-6mvltfcx/overlay/lib/python3.12/site-packages/hatchling/metadata/core.py", line 531, in readme
2026-Feb-14 04:36:46.109750 #9 3.154           raise OSError(message)
2026-Feb-14 04:36:46.109750 #9 3.154       OSError: Readme file does not exist: README.md
2026-Feb-14 04:36:46.109750 #9 3.154       [end of output]
2026-Feb-14 04:36:46.109750 #9 3.154
2026-Feb-14 04:36:46.109750 #9 3.154   note: This error originates from a subprocess, and is likely not a problem with pip.
2026-Feb-14 04:36:46.109750 #9 3.247
2026-Feb-14 04:36:46.109750 #9 3.247 [notice] A new release of pip is available: 25.0.1 -> 26.0.1
2026-Feb-14 04:36:46.109750 #9 3.247 [notice] To update, run: pip install --upgrade pip
2026-Feb-14 04:36:46.211557 #9 3.249 error: metadata-generation-failed
2026-Feb-14 04:36:46.211557 #9 3.249
2026-Feb-14 04:36:46.211557 #9 3.249 × Encountered error while generating package metadata.
2026-Feb-14 04:36:46.211557 #9 3.249 ╰─> See above for output.
2026-Feb-14 04:36:46.211557 #9 3.249
2026-Feb-14 04:36:46.211557 #9 3.249 note: This is an issue with the package mentioned above, not pip.
2026-Feb-14 04:36:46.211557 #9 3.249 hint: See above for details.
2026-Feb-14 04:36:46.211557 #9 ERROR: process "/bin/sh -c pip install --no-cache-dir ." did not complete successfully: exit code: 1
2026-Feb-14 04:36:46.223523 ------
2026-Feb-14 04:36:46.223523 > [5/9] RUN pip install --no-cache-dir .:
2026-Feb-14 04:36:46.223523 3.247
2026-Feb-14 04:36:46.223523 3.247 [notice] A new release of pip is available: 25.0.1 -> 26.0.1
2026-Feb-14 04:36:46.223523 3.247 [notice] To update, run: pip install --upgrade pip
2026-Feb-14 04:36:46.223523 3.249 error: metadata-generation-failed
2026-Feb-14 04:36:46.223523 3.249
2026-Feb-14 04:36:46.223523 3.249 × Encountered error while generating package metadata.
2026-Feb-14 04:36:46.223523 3.249 ╰─> See above for output.
2026-Feb-14 04:36:46.223523 3.249
2026-Feb-14 04:36:46.223523 3.249 note: This is an issue with the package mentioned above, not pip.
2026-Feb-14 04:36:46.223523 3.249 hint: See above for details.
2026-Feb-14 04:36:46.223523 ------
2026-Feb-14 04:36:46.226931 Dockerfile:19
2026-Feb-14 04:36:46.226931 --------------------
2026-Feb-14 04:36:46.226931 17 |
2026-Feb-14 04:36:46.226931 18 |     # Install Python dependencies
2026-Feb-14 04:36:46.226931 19 | >>> RUN pip install --no-cache-dir .
2026-Feb-14 04:36:46.226931 20 |
2026-Feb-14 04:36:46.226931 21 |     # Copy application code
2026-Feb-14 04:36:46.226931 --------------------
2026-Feb-14 04:36:46.226931 ERROR: failed to build: failed to solve: process "/bin/sh -c pip install --no-cache-dir ." did not complete successfully: exit code: 1
2026-Feb-14 04:36:46.230346 exit status 1
2026-Feb-14 04:36:46.286052 ========================================
2026-Feb-14 04:36:46.294127 Deployment failed: Command execution failed (exit code 1): docker exec c4gs848cogcsg0k48g48ocgo bash -c 'bash /artifacts/build.sh'
2026-Feb-14 04:36:46.294127 Error: #0 building with "default" instance using docker driver
2026-Feb-14 04:36:46.294127
2026-Feb-14 04:36:46.294127 #1 [internal] load build definition from Dockerfile
2026-Feb-14 04:36:46.294127 #1 transferring dockerfile: 1.12kB done
2026-Feb-14 04:36:46.294127 #1 DONE 0.0s
2026-Feb-14 04:36:46.294127
2026-Feb-14 04:36:46.294127 #2 [internal] load metadata for docker.io/library/python:3.12-slim
2026-Feb-14 04:36:46.294127 #2 DONE 0.3s
2026-Feb-14 04:36:46.294127
2026-Feb-14 04:36:46.294127 #3 [internal] load .dockerignore
2026-Feb-14 04:36:46.294127 #3 transferring context: 2B done
2026-Feb-14 04:36:46.294127 #3 DONE 0.0s
2026-Feb-14 04:36:46.294127
2026-Feb-14 04:36:46.294127 #4 [internal] load build context
2026-Feb-14 04:36:46.294127 #4 transferring context: 153.65kB 0.0s done
2026-Feb-14 04:36:46.294127 #4 DONE 0.1s
2026-Feb-14 04:36:46.294127
2026-Feb-14 04:36:46.294127 #5 [1/9] FROM docker.io/library/python:3.12-slim@sha256:9e01bf1ae5db7649a236da7be1e94ffbbbdd7a93f867dd0d8d5720d9e1f89fab
2026-Feb-14 04:36:46.294127 #5 resolve docker.io/library/python:3.12-slim@sha256:9e01bf1ae5db7649a236da7be1e94ffbbbdd7a93f867dd0d8d5720d9e1f89fab done
2026-Feb-14 04:36:46.294127 #5 sha256:9e01bf1ae5db7649a236da7be1e94ffbbbdd7a93f867dd0d8d5720d9e1f89fab 10.37kB / 10.37kB done
2026-Feb-14 04:36:46.294127 #5 sha256:48006ff57afe15f247ad3da166e9487da0f66a94adbc92810b0e189382d79246 1.75kB / 1.75kB done
2026-Feb-14 04:36:46.294127 #5 sha256:b3b92273ebb48091c16ef5f9cc1fdde40d18c7365ec38df5e9f900a2aeb3db1c 5.66kB / 5.66kB done
2026-Feb-14 04:36:46.294127 #5 DONE 0.1s
2026-Feb-14 04:36:46.294127
2026-Feb-14 04:36:46.294127 #6 [2/9] WORKDIR /app
2026-Feb-14 04:36:46.294127 #6 DONE 0.0s
2026-Feb-14 04:36:46.294127
2026-Feb-14 04:36:46.294127 #7 [3/9] RUN apt-get update && apt-get install -y --no-install-recommends     build-essential     && rm -rf /var/lib/apt/lists/*
2026-Feb-14 04:36:46.294127 #7 0.153 Hit:1 http://deb.debian.org/debian trixie InRelease
2026-Feb-14 04:36:46.294127 #7 0.153 Get:2 http://deb.debian.org/debian trixie-updates InRelease [47.3 kB]
2026-Feb-14 04:36:46.294127 #7 0.164 Get:3 http://deb.debian.org/debian-security trixie-security InRelease [43.4 kB]
2026-Feb-14 04:36:46.294127 #7 0.195 Get:4 http://deb.debian.org/debian trixie/main amd64 Packages [9670 kB]
2026-Feb-14 04:36:46.294127 #7 0.275 Get:5 http://deb.debian.org/debian trixie-updates/main amd64 Packages [5412 B]
2026-Feb-14 04:36:46.294127 #7 0.276 Get:6 http://deb.debian.org/debian-security trixie-security/main amd64 Packages [108 kB]
2026-Feb-14 04:36:46.294127 #7 1.011 Fetched 9874 kB in 1s (11.2 MB/s)
2026-Feb-14 04:36:46.294127 #7 1.011 Reading package lists...
2026-Feb-14 04:36:46.294127 #7 1.681 Reading package lists...
2026-Feb-14 04:36:46.294127 #7 2.487 Building dependency tree...
2026-Feb-14 04:36:46.294127 #7 2.689 Reading state information...
2026-Feb-14 04:36:46.294127 #7 2.889 The following additional packages will be installed:
2026-Feb-14 04:36:46.294127 #7 2.889   binutils binutils-common binutils-x86-64-linux-gnu bzip2 cpp cpp-14
2026-Feb-14 04:36:46.294127 #7 2.889   cpp-14-x86-64-linux-gnu cpp-x86-64-linux-gnu dpkg-dev g++ g++-14
2026-Feb-14 04:36:46.294127 #7 2.890   g++-14-x86-64-linux-gnu g++-x86-64-linux-gnu gcc gcc-14
2026-Feb-14 04:36:46.294127 #7 2.890   gcc-14-x86-64-linux-gnu gcc-x86-64-linux-gnu libasan8 libatomic1 libbinutils
2026-Feb-14 04:36:46.294127 #7 2.890   libc-dev-bin libc6-dev libcc1-0 libcrypt-dev libctf-nobfd0 libctf0
2026-Feb-14 04:36:46.294127 #7 2.890   libdpkg-perl libgcc-14-dev libgdbm-compat4t64 libgomp1 libgprofng0
2026-Feb-14 04:36:46.294127 #7 2.890   libhwasan0 libisl23 libitm1 libjansson4 liblsan0 libmpc3 libmpfr6
2026-Feb-14 04:36:46.294127 #7 2.890   libperl5.40 libquadmath0 libsframe1 libstdc++-14-dev libtsan2 libubsan1
2026-Feb-14 04:36:46.294127 #7 2.891   linux-libc-dev make patch perl perl-modules-5.40 rpcsvc-proto xz-utils
2026-Feb-14 04:36:46.294127 #7 2.892 Suggested packages:
2026-Feb-14 04:36:46.294127 #7 2.892   binutils-doc gprofng-gui binutils-gold bzip2-doc cpp-doc gcc-14-locales
2026-Feb-14 04:36:46.294127 #7 2.892   cpp-14-doc debian-keyring debian-tag2upload-keyring g++-multilib
2026-Feb-14 04:36:46.294127 #7 2.892   g++-14-multilib gcc-14-doc gcc-multilib manpages-dev autoconf automake
2026-Feb-14 04:36:46.294127 #7 2.892   libtool flex bison gdb gcc-doc gcc-14-multilib gdb-x86-64-linux-gnu
2026-Feb-14 04:36:46.294127 #7 2.892   libc-devtools glibc-doc sq | sqop | rsop | gosop | pgpainless-cli | gpg-sq
2026-Feb-14 04:36:46.294127 #7 2.892   | gnupg sensible-utils git bzr libstdc++-14-doc make-doc ed diffutils-doc
2026-Feb-14 04:36:46.294127 #7 2.892   perl-doc libterm-readline-gnu-perl | libterm-readline-perl-perl
2026-Feb-14 04:36:46.294127 #7 2.892   libtap-harness-archive-perl
2026-Feb-14 04:36:46.294127 #7 2.892 Recommended packages:
2026-Feb-14 04:36:46.294127 #7 2.892   fakeroot sq | sqop | rsop | gosop | pgpainless-cli | gpg-sq | gnupg
2026-Feb-14 04:36:46.294127 #7 2.892   libalgorithm-merge-perl manpages manpages-dev libfile-fcntllock-perl
2026-Feb-14 04:36:46.294127 #7 2.892   liblocale-gettext-perl
2026-Feb-14 04:36:46.294127 #7 3.092 The following NEW packages will be installed:
2026-Feb-14 04:36:46.294127 #7 3.092   binutils binutils-common binutils-x86-64-linux-gnu build-essential bzip2 cpp
2026-Feb-14 04:36:46.294127 #7 3.092   cpp-14 cpp-14-x86-64-linux-gnu cpp-x86-64-linux-gnu dpkg-dev g++ g++-14
2026-Feb-14 04:36:46.294127 #7 3.092   g++-14-x86-64-linux-gnu g++-x86-64-linux-gnu gcc gcc-14
2026-Feb-14 04:36:46.294127 #7 3.093   gcc-14-x86-64-linux-gnu gcc-x86-64-linux-gnu libasan8 libatomic1 libbinutils
2026-Feb-14 04:36:46.294127 #7 3.093   libc-dev-bin libc6-dev libcc1-0 libcrypt-dev libctf-nobfd0 libctf0
2026-Feb-14 04:36:46.294127 #7 3.093   libdpkg-perl libgcc-14-dev libgdbm-compat4t64 libgomp1 libgprofng0
2026-Feb-14 04:36:46.294127 #7 3.093   libhwasan0 libisl23 libitm1 libjansson4 liblsan0 libmpc3 libmpfr6
2026-Feb-14 04:36:46.294127 #7 3.093   libperl5.40 libquadmath0 libsframe1 libstdc++-14-dev libtsan2 libubsan1
2026-Feb-14 04:36:46.294127 #7 3.094   linux-libc-dev make patch perl perl-modules-5.40 rpcsvc-proto xz-utils
2026-Feb-14 04:36:46.294127 #7 3.129 0 upgraded, 52 newly installed, 0 to remove and 0 not upgraded.
2026-Feb-14 04:36:46.294127 #7 3.129 Need to get 82.4 MB of archives.
2026-Feb-14 04:36:46.294127 #7 3.129 After this operation, 336 MB of additional disk space will be used.
2026-Feb-14 04:36:46.294127 #7 3.129 Get:1 http://deb.debian.org/debian trixie/main amd64 bzip2 amd64 1.0.8-6 [40.5 kB]
2026-Feb-14 04:36:46.294127 #7 3.132 Get:2 http://deb.debian.org/debian trixie/main amd64 perl-modules-5.40 all 5.40.1-6 [3019 kB]
2026-Feb-14 04:36:46.294127 #7 3.146 Get:3 http://deb.debian.org/debian trixie/main amd64 libgdbm-compat4t64 amd64 1.24-2 [50.3 kB]
2026-Feb-14 04:36:46.294127 #7 3.146 Get:4 http://deb.debian.org/debian trixie/main amd64 libperl5.40 amd64 5.40.1-6 [4341 kB]
2026-Feb-14 04:36:46.294127 #7 3.161 Get:5 http://deb.debian.org/debian trixie/main amd64 perl amd64 5.40.1-6 [267 kB]
2026-Feb-14 04:36:46.294127 #7 3.162 Get:6 http://deb.debian.org/debian trixie/main amd64 xz-utils amd64 5.8.1-1 [660 kB]
2026-Feb-14 04:36:46.294127 #7 3.164 Get:7 http://deb.debian.org/debian trixie/main amd64 libsframe1 amd64 2.44-3 [78.4 kB]
2026-Feb-14 04:36:46.294127 #7 3.165 Get:8 http://deb.debian.org/debian trixie/main amd64 binutils-common amd64 2.44-3 [2509 kB]
2026-Feb-14 04:36:46.294127 #7 3.174 Get:9 http://deb.debian.org/debian trixie/main amd64 libbinutils amd64 2.44-3 [534 kB]
2026-Feb-14 04:36:46.294127 #7 3.177 Get:10 http://deb.debian.org/debian trixie/main amd64 libgprofng0 amd64 2.44-3 [808 kB]
2026-Feb-14 04:36:46.294127 #7 3.180 Get:11 http://deb.debian.org/debian trixie/main amd64 libctf-nobfd0 amd64 2.44-3 [156 kB]
2026-Feb-14 04:36:46.294127 #7 3.181 Get:12 http://deb.debian.org/debian trixie/main amd64 libctf0 amd64 2.44-3 [88.6 kB]
2026-Feb-14 04:36:46.294127 #7 3.181 Get:13 http://deb.debian.org/debian trixie/main amd64 libjansson4 amd64 2.14-2+b3 [39.8 kB]
2026-Feb-14 04:36:46.294127 #7 3.182 Get:14 http://deb.debian.org/debian trixie/main amd64 binutils-x86-64-linux-gnu amd64 2.44-3 [1014 kB]
2026-Feb-14 04:36:46.294127 #7 3.186 Get:15 http://deb.debian.org/debian trixie/main amd64 binutils amd64 2.44-3 [265 kB]
2026-Feb-14 04:36:46.294127 #7 3.187 Get:16 http://deb.debian.org/debian trixie/main amd64 libc-dev-bin amd64 2.41-12+deb13u1 [58.5 kB]
2026-Feb-14 04:36:46.294127 #7 3.188 Get:17 http://deb.debian.org/debian-security trixie-security/main amd64 linux-libc-dev all 6.12.69-1 [2742 kB]
2026-Feb-14 04:36:46.294127 #7 3.194 Get:18 http://deb.debian.org/debian trixie/main amd64 libcrypt-dev amd64 1:4.4.38-1 [119 kB]
2026-Feb-14 04:36:46.294127 #7 3.194 Get:19 http://deb.debian.org/debian trixie/main amd64 rpcsvc-proto amd64 1.4.3-1 [63.3 kB]
2026-Feb-14 04:36:46.294127 #7 3.195 Get:20 http://deb.debian.org/debian trixie/main amd64 libc6-dev amd64 2.41-12+deb13u1 [1994 kB]
2026-Feb-14 04:36:46.294127 #7 3.202 Get:21 http://deb.debian.org/debian trixie/main amd64 libisl23 amd64 0.27-1 [659 kB]
2026-Feb-14 04:36:46.294127 #7 3.205 Get:22 http://deb.debian.org/debian trixie/main amd64 libmpfr6 amd64 4.2.2-1 [729 kB]
2026-Feb-14 04:36:46.294127 #7 3.208 Get:23 http://deb.debian.org/debian trixie/main amd64 libmpc3 amd64 1.3.1-1+b3 [52.2 kB]
2026-Feb-14 04:36:46.294127 #7 3.208 Get:24 http://deb.debian.org/debian trixie/main amd64 cpp-14-x86-64-linux-gnu amd64 14.2.0-19 [11.0 MB]
2026-Feb-14 04:36:46.294127 #7 3.242 Get:25 http://deb.debian.org/debian trixie/main amd64 cpp-14 amd64 14.2.0-19 [1280 B]
2026-Feb-14 04:36:46.294127 #7 3.242 Get:26 http://deb.debian.org/debian trixie/main amd64 cpp-x86-64-linux-gnu amd64 4:14.2.0-1 [4840 B]
2026-Feb-14 04:36:46.294127 #7 3.242 Get:27 http://deb.debian.org/debian trixie/main amd64 cpp amd64 4:14.2.0-1 [1568 B]
2026-Feb-14 04:36:46.294127 #7 3.242 Get:28 http://deb.debian.org/debian trixie/main amd64 libcc1-0 amd64 14.2.0-19 [42.8 kB]
2026-Feb-14 04:36:46.294127 #7 3.243 Get:29 http://deb.debian.org/debian trixie/main amd64 libgomp1 amd64 14.2.0-19 [137 kB]
2026-Feb-14 04:36:46.294127 #7 3.243 Get:30 http://deb.debian.org/debian trixie/main amd64 libitm1 amd64 14.2.0-19 [26.0 kB]
2026-Feb-14 04:36:46.294127 #7 3.244 Get:31 http://deb.debian.org/debian trixie/main amd64 libatomic1 amd64 14.2.0-19 [9308 B]
2026-Feb-14 04:36:46.294127 #7 3.244 Get:32 http://deb.debian.org/debian trixie/main amd64 libasan8 amd64 14.2.0-19 [2725 kB]
2026-Feb-14 04:36:46.294127 #7 3.252 Get:33 http://deb.debian.org/debian trixie/main amd64 liblsan0 amd64 14.2.0-19 [1204 kB]
2026-Feb-14 04:36:46.294127 #7 3.256 Get:34 http://deb.debian.org/debian trixie/main amd64 libtsan2 amd64 14.2.0-19 [2460 kB]
2026-Feb-14 04:36:46.294127 #7 3.263 Get:35 http://deb.debian.org/debian trixie/main amd64 libubsan1 amd64 14.2.0-19 [1074 kB]
2026-Feb-14 04:36:46.294127 #7 3.266 Get:36 http://deb.debian.org/debian trixie/main amd64 libhwasan0 amd64 14.2.0-19 [1488 kB]
2026-Feb-14 04:36:46.294127 #7 3.270 Get:37 http://deb.debian.org/debian trixie/main amd64 libquadmath0 amd64 14.2.0-19 [145 kB]
2026-Feb-14 04:36:46.294127 #7 3.271 Get:38 http://deb.debian.org/debian trixie/main amd64 libgcc-14-dev amd64 14.2.0-19 [2672 kB]
2026-Feb-14 04:36:46.294127 #7 3.279 Get:39 http://deb.debian.org/debian trixie/main amd64 gcc-14-x86-64-linux-gnu amd64 14.2.0-19 [21.4 MB]
2026-Feb-14 04:36:46.294127 #7 3.341 Get:40 http://deb.debian.org/debian trixie/main amd64 gcc-14 amd64 14.2.0-19 [540 kB]
2026-Feb-14 04:36:46.294127 #7 3.343 Get:41 http://deb.debian.org/debian trixie/main amd64 gcc-x86-64-linux-gnu amd64 4:14.2.0-1 [1436 B]
2026-Feb-14 04:36:46.294127 #7 3.343 Get:42 http://deb.debian.org/debian trixie/main amd64 gcc amd64 4:14.2.0-1 [5136 B]
2026-Feb-14 04:36:46.294127 #7 3.343 Get:43 http://deb.debian.org/debian trixie/main amd64 libstdc++-14-dev amd64 14.2.0-19 [2376 kB]
2026-Feb-14 04:36:46.294127 #7 3.350 Get:44 http://deb.debian.org/debian trixie/main amd64 g++-14-x86-64-linux-gnu amd64 14.2.0-19 [12.1 MB]
2026-Feb-14 04:36:46.294127 #7 3.386 Get:45 http://deb.debian.org/debian trixie/main amd64 g++-14 amd64 14.2.0-19 [22.5 kB]
2026-Feb-14 04:36:46.294127 #7 3.386 Get:46 http://deb.debian.org/debian trixie/main amd64 g++-x86-64-linux-gnu amd64 4:14.2.0-1 [1200 B]
2026-Feb-14 04:36:46.294127 #7 3.386 Get:47 http://deb.debian.org/debian trixie/main amd64 g++ amd64 4:14.2.0-1 [1344 B]
2026-Feb-14 04:36:46.294127 #7 3.386 Get:48 http://deb.debian.org/debian trixie/main amd64 make amd64 4.4.1-2 [463 kB]
2026-Feb-14 04:36:46.294127 #7 3.388 Get:49 http://deb.debian.org/debian trixie/main amd64 libdpkg-perl all 1.22.21 [650 kB]
2026-Feb-14 04:36:46.294127 #7 3.390 Get:50 http://deb.debian.org/debian trixie/main amd64 patch amd64 2.8-2 [134 kB]
2026-Feb-14 04:36:46.294127 #7 3.391 Get:51 http://deb.debian.org/debian trixie/main amd64 dpkg-dev all 1.22.21 [1338 kB]
2026-Feb-14 04:36:46.294127 #7 3.396 Get:52 http://deb.debian.org/debian trixie/main amd64 build-essential amd64 12.12 [4624 B]
2026-Feb-14 04:36:46.294127 #7 3.616 debconf: unable to initialize frontend: Dialog
2026-Feb-14 04:36:46.294127 #7 3.616 debconf: (TERM is not set, so the dialog frontend is not usable.)
2026-Feb-14 04:36:46.294127 #7 3.616 debconf: falling back to frontend: Readline
2026-Feb-14 04:36:46.294127 #7 3.616 debconf: unable to initialize frontend: Readline
2026-Feb-14 04:36:46.294127 #7 3.616 debconf: (Can't locate Term/ReadLine.pm in @INC (you may need to install the Term::ReadLine module) (@INC entries checked: /etc/perl /usr/local/lib/x86_64-linux-gnu/perl/5.40.1 /usr/local/share/perl/5.40.1 /usr/lib/x86_64-linux-gnu/perl5/5.40 /usr/share/perl5 /usr/lib/x86_64-linux-gnu/perl-base /usr/lib/x86_64-linux-gnu/perl/5.40 /usr/share/perl/5.40 /usr/local/lib/site_perl) at /usr/share/perl5/Debconf/FrontEnd/Readline.pm line 8, <STDIN> line 52.)
2026-Feb-14 04:36:46.294127 #7 3.616 debconf: falling back to frontend: Teletype
2026-Feb-14 04:36:46.294127 #7 3.623 debconf: unable to initialize frontend: Teletype
2026-Feb-14 04:36:46.294127 #7 3.623 debconf: (This frontend requires a controlling tty.)
2026-Feb-14 04:36:46.294127 #7 3.623 debconf: falling back to frontend: Noninteractive
2026-Feb-14 04:36:46.294127 #7 5.115 Fetched 82.4 MB in 0s (291 MB/s)
2026-Feb-14 04:36:46.294127 #7 5.145 Selecting previously unselected package bzip2.
2026-Feb-14 04:36:46.294127 #7 5.145 (Reading database ... 
(Reading database ... 5%
(Reading database ... 10%
(Reading database ... 15%
(Reading database ... 20%
(Reading database ... 25%
(Reading database ... 30%
(Reading database ... 35%
(Reading database ... 40%
(Reading database ... 45%
(Reading database ... 50%
(Reading database ... 55%
(Reading database ... 60%
(Reading database ... 65%
(Reading database ... 70%
(Reading database ... 75%
(Reading database ... 80%
(Reading database ... 85%
(Reading database ... 90%
(Reading database ... 95%
(Reading database ... 100%
(Reading database ... 5645 files and directories currently installed.)
2026-Feb-14 04:36:46.294127 #7 5.172 Preparing to unpack .../00-bzip2_1.0.8-6_amd64.deb ...
2026-Feb-14 04:36:46.294127 #7 5.174 Unpacking bzip2 (1.0.8-6) ...
2026-Feb-14 04:36:46.294127 #7 5.200 Selecting previously unselected package perl-modules-5.40.
2026-Feb-14 04:36:46.294127 #7 5.202 Preparing to unpack .../01-perl-modules-5.40_5.40.1-6_all.deb ...
2026-Feb-14 04:36:46.294127 #7 5.203 Unpacking perl-modules-5.40 (5.40.1-6) ...
2026-Feb-14 04:36:46.294127 #7 5.444 Selecting previously unselected package libgdbm-compat4t64:amd64.
2026-Feb-14 04:36:46.294127 #7 5.445 Preparing to unpack .../02-libgdbm-compat4t64_1.24-2_amd64.deb ...
2026-Feb-14 04:36:46.294127 #7 5.450 Unpacking libgdbm-compat4t64:amd64 (1.24-2) ...
2026-Feb-14 04:36:46.294127 #7 5.473 Selecting previously unselected package libperl5.40:amd64.
2026-Feb-14 04:36:46.294127 #7 5.474 Preparing to unpack .../03-libperl5.40_5.40.1-6_amd64.deb ...
2026-Feb-14 04:36:46.294127 #7 5.476 Unpacking libperl5.40:amd64 (5.40.1-6) ...
2026-Feb-14 04:36:46.294127 #7 5.710 Selecting previously unselected package perl.
2026-Feb-14 04:36:46.294127 #7 5.711 Preparing to unpack .../04-perl_5.40.1-6_amd64.deb ...
2026-Feb-14 04:36:46.294127 #7 5.713 Unpacking perl (5.40.1-6) ...
2026-Feb-14 04:36:46.294127 #7 5.740 Selecting previously unselected package xz-utils.
2026-Feb-14 04:36:46.294127 #7 5.742 Preparing to unpack .../05-xz-utils_5.8.1-1_amd64.deb ...
2026-Feb-14 04:36:46.294127 #7 5.744 Unpacking xz-utils (5.8.1-1) ...
2026-Feb-14 04:36:46.294127 #7 5.780 Selecting previously unselected package libsframe1:amd64.
2026-Feb-14 04:36:46.294127 #7 5.781 Preparing to unpack .../06-libsframe1_2.44-3_amd64.deb ...
2026-Feb-14 04:36:46.294127 #7 5.783 Unpacking libsframe1:amd64 (2.44-3) ...
2026-Feb-14 04:36:46.294127 #7 5.803 Selecting previously unselected package binutils-common:amd64.
2026-Feb-14 04:36:46.294127 #7 5.804 Preparing to unpack .../07-binutils-common_2.44-3_amd64.deb ...
2026-Feb-14 04:36:46.294127 #7 5.806 Unpacking binutils-common:amd64 (2.44-3) ...
2026-Feb-14 04:36:46.294127 #7 5.935 Selecting previously unselected package libbinutils:amd64.
2026-Feb-14 04:36:46.294127 #7 5.937 Preparing to unpack .../08-libbinutils_2.44-3_amd64.deb ...
2026-Feb-14 04:36:46.294127 #7 5.939 Unpacking libbinutils:amd64 (2.44-3) ...
2026-Feb-14 04:36:46.294127 #7 5.991 Selecting previously unselected package libgprofng0:amd64.
2026-Feb-14 04:36:46.294127 #7 5.993 Preparing to unpack .../09-libgprofng0_2.44-3_amd64.deb ...
2026-Feb-14 04:36:46.294127 #7 5.994 Unpacking libgprofng0:amd64 (2.44-3) ...
2026-Feb-14 04:36:46.294127 #7 6.056 Selecting previously unselected package libctf-nobfd0:amd64.
2026-Feb-14 04:36:46.294127 #7 6.057 Preparing to unpack .../10-libctf-nobfd0_2.44-3_amd64.deb ...
2026-Feb-14 04:36:46.294127 #7 6.060 Unpacking libctf-nobfd0:amd64 (2.44-3) ...
2026-Feb-14 04:36:46.294127 #7 6.086 Selecting previously unselected package libctf0:amd64.
2026-Feb-14 04:36:46.294127 #7 6.087 Preparing to unpack .../11-libctf0_2.44-3_amd64.deb ...
2026-Feb-14 04:36:46.294127 #7 6.089 Unpacking libctf0:amd64 (2.44-3) ...
2026-Feb-14 04:36:46.294127 #7 6.113 Selecting previously unselected package libjansson4:amd64.
2026-Feb-14 04:36:46.294127 #7 6.114 Preparing to unpack .../12-libjansson4_2.14-2+b3_amd64.deb ...
2026-Feb-14 04:36:46.294127 #7 6.116 Unpacking libjansson4:amd64 (2.14-2+b3) ...
2026-Feb-14 04:36:46.294127 #7 6.135 Selecting previously unselected package binutils-x86-64-linux-gnu.
2026-Feb-14 04:36:46.294127 #7 6.137 Preparing to unpack .../13-binutils-x86-64-linux-gnu_2.44-3_amd64.deb ...
2026-Feb-14 04:36:46.294127 #7 6.139 Unpacking binutils-x86-64-linux-gnu (2.44-3) ...
2026-Feb-14 04:36:46.294127 #7 6.225 Selecting previously unselected package binutils.
2026-Feb-14 04:36:46.294127 #7 6.227 Preparing to unpack .../14-binutils_2.44-3_amd64.deb ...
2026-Feb-14 04:36:46.294127 #7 6.230 Unpacking binutils (2.44-3) ...
2026-Feb-14 04:36:46.294127 #7 6.260 Selecting previously unselected package libc-dev-bin.
2026-Feb-14 04:36:46.294127 #7 6.262 Preparing to unpack .../15-libc-dev-bin_2.41-12+deb13u1_amd64.deb ...
2026-Feb-14 04:36:46.294127 #7 6.264 Unpacking libc-dev-bin (2.41-12+deb13u1) ...
2026-Feb-14 04:36:46.294127 #7 6.286 Selecting previously unselected package linux-libc-dev.
2026-Feb-14 04:36:46.294127 #7 6.288 Preparing to unpack .../16-linux-libc-dev_6.12.69-1_all.deb ...
2026-Feb-14 04:36:46.294127 #7 6.290 Unpacking linux-libc-dev (6.12.69-1) ...
2026-Feb-14 04:36:46.294127 #7 6.543 Selecting previously unselected package libcrypt-dev:amd64.
2026-Feb-14 04:36:46.294127 #7 6.546 Preparing to unpack .../17-libcrypt-dev_1%3a4.4.38-1_amd64.deb ...
2026-Feb-14 04:36:46.294127 #7 6.553 Unpacking libcrypt-dev:amd64 (1:4.4.38-1) ...
2026-Feb-14 04:36:46.294127 #7 6.574 Selecting previously unselected package rpcsvc-proto.
2026-Feb-14 04:36:46.294127 #7 6.576 Preparing to unpack .../18-rpcsvc-proto_1.4.3-1_amd64.deb ...
2026-Feb-14 04:36:46.294127 #7 6.578 Unpacking rpcsvc-proto (1.4.3-1) ...
2026-Feb-14 04:36:46.294127 #7 6.598 Selecting previously unselected package libc6-dev:amd64.
2026-Feb-14 04:36:46.294127 #7 6.600 Preparing to unpack .../19-libc6-dev_2.41-12+deb13u1_amd64.deb ...
2026-Feb-14 04:36:46.294127 #7 6.602 Unpacking libc6-dev:amd64 (2.41-12+deb13u1) ...
2026-Feb-14 04:36:46.294127 #7 6.722 Selecting previously unselected package libisl23:amd64.
2026-Feb-14 04:36:46.294127 #7 6.724 Preparing to unpack .../20-libisl23_0.27-1_amd64.deb ...
2026-Feb-14 04:36:46.294127 #7 6.727 Unpacking libisl23:amd64 (0.27-1) ...
2026-Feb-14 04:36:46.294127 #7 6.780 Selecting previously unselected package libmpfr6:amd64.
2026-Feb-14 04:36:46.294127 #7 6.781 Preparing to unpack .../21-libmpfr6_4.2.2-1_amd64.deb ...
2026-Feb-14 04:36:46.294127 #7 6.783 Unpacking libmpfr6:amd64 (4.2.2-1) ...
2026-Feb-14 04:36:46.294127 #7 6.820 Selecting previously unselected package libmpc3:amd64.
2026-Feb-14 04:36:46.294127 #7 6.822 Preparing to unpack .../22-libmpc3_1.3.1-1+b3_amd64.deb ...
2026-Feb-14 04:36:46.294127 #7 6.823 Unpacking libmpc3:amd64 (1.3.1-1+b3) ...
2026-Feb-14 04:36:46.294127 #7 6.844 Selecting previously unselected package cpp-14-x86-64-linux-gnu.
2026-Feb-14 04:36:46.294127 #7 6.846 Preparing to unpack .../23-cpp-14-x86-64-linux-gnu_14.2.0-19_amd64.deb ...
2026-Feb-14 04:36:46.294127 #7 6.848 Unpacking cpp-14-x86-64-linux-gnu (14.2.0-19) ...
2026-Feb-14 04:36:46.294127 #7 7.270 Selecting previously unselected package cpp-14.
2026-Feb-14 04:36:46.294127 #7 7.273 Preparing to unpack .../24-cpp-14_14.2.0-19_amd64.deb ...
2026-Feb-14 04:36:46.294127 #7 7.275 Unpacking cpp-14 (14.2.0-19) ...
2026-Feb-14 04:36:46.294127 #7 7.297 Selecting previously unselected package cpp-x86-64-linux-gnu.
2026-Feb-14 04:36:46.294127 #7 7.300 Preparing to unpack .../25-cpp-x86-64-linux-gnu_4%3a14.2.0-1_amd64.deb ...
2026-Feb-14 04:36:46.294127 #7 7.302 Unpacking cpp-x86-64-linux-gnu (4:14.2.0-1) ...
2026-Feb-14 04:36:46.294127 #7 7.328 Selecting previously unselected package cpp.
2026-Feb-14 04:36:46.294127 #7 7.330 Preparing to unpack .../26-cpp_4%3a14.2.0-1_amd64.deb ...
2026-Feb-14 04:36:46.294127 #7 7.338 Unpacking cpp (4:14.2.0-1) ...
2026-Feb-14 04:36:46.294127 #7 7.369 Selecting previously unselected package libcc1-0:amd64.
2026-Feb-14 04:36:46.294127 #7 7.371 Preparing to unpack .../27-libcc1-0_14.2.0-19_amd64.deb ...
2026-Feb-14 04:36:46.294127 #7 7.374 Unpacking libcc1-0:amd64 (14.2.0-19) ...
2026-Feb-14 04:36:46.294127 #7 7.401 Selecting previously unselected package libgomp1:amd64.
2026-Feb-14 04:36:46.294127 #7 7.403 Preparing to unpack .../28-libgomp1_14.2.0-19_amd64.deb ...
2026-Feb-14 04:36:46.294127 #7 7.405 Unpacking libgomp1:amd64 (14.2.0-19) ...
2026-Feb-14 04:36:46.294127 #7 7.432 Selecting previously unselected package libitm1:amd64.
2026-Feb-14 04:36:46.294127 #7 7.433 Preparing to unpack .../29-libitm1_14.2.0-19_amd64.deb ...
2026-Feb-14 04:36:46.294127 #7 7.435 Unpacking libitm1:amd64 (14.2.0-19) ...
2026-Feb-14 04:36:46.294127 #7 7.457 Selecting previously unselected package libatomic1:amd64.
2026-Feb-14 04:36:46.294127 #7 7.460 Preparing to unpack .../30-libatomic1_14.2.0-19_amd64.deb ...
2026-Feb-14 04:36:46.294127 #7 7.462 Unpacking libatomic1:amd64 (14.2.0-19) ...
2026-Feb-14 04:36:46.294127 #7 7.489 Selecting previously unselected package libasan8:amd64.
2026-Feb-14 04:36:46.294127 #7 7.491 Preparing to unpack .../31-libasan8_14.2.0-19_amd64.deb ...
2026-Feb-14 04:36:46.294127 #7 7.493 Unpacking libasan8:amd64 (14.2.0-19) ...
2026-Feb-14 04:36:46.294127 #7 7.651 Selecting previously unselected package liblsan0:amd64.
2026-Feb-14 04:36:46.294127 #7 7.654 Preparing to unpack .../32-liblsan0_14.2.0-19_amd64.deb ...
2026-Feb-14 04:36:46.294127 #7 7.656 Unpacking liblsan0:amd64 (14.2.0-19) ...
2026-Feb-14 04:36:46.294127 #7 7.745 Selecting previously unselected package libtsan2:amd64.
2026-Feb-14 04:36:46.294127 #7 7.747 Preparing to unpack .../33-libtsan2_14.2.0-19_amd64.deb ...
2026-Feb-14 04:36:46.294127 #7 7.751 Unpacking libtsan2:amd64 (14.2.0-19) ...
2026-Feb-14 04:36:46.294127 #7 7.893 Selecting previously unselected package libubsan1:amd64.
2026-Feb-14 04:36:46.294127 #7 7.896 Preparing to unpack .../34-libubsan1_14.2.0-19_amd64.deb ...
2026-Feb-14 04:36:46.294127 #7 7.899 Unpacking libubsan1:amd64 (14.2.0-19) ...
2026-Feb-14 04:36:46.294127 #7 7.970 Selecting previously unselected package libhwasan0:amd64.
2026-Feb-14 04:36:46.294127 #7 7.972 Preparing to unpack .../35-libhwasan0_14.2.0-19_amd64.deb ...
2026-Feb-14 04:36:46.294127 #7 7.974 Unpacking libhwasan0:amd64 (14.2.0-19) ...
2026-Feb-14 04:36:46.294127 #7 8.059 Selecting previously unselected package libquadmath0:amd64.
2026-Feb-14 04:36:46.294127 #7 8.061 Preparing to unpack .../36-libquadmath0_14.2.0-19_amd64.deb ...
2026-Feb-14 04:36:46.294127 #7 8.065 Unpacking libquadmath0:amd64 (14.2.0-19) ...
2026-Feb-14 04:36:46.294127 #7 8.089 Selecting previously unselected package libgcc-14-dev:amd64.
2026-Feb-14 04:36:46.294127 #7 8.091 Preparing to unpack .../37-libgcc-14-dev_14.2.0-19_amd64.deb ...
2026-Feb-14 04:36:46.294127 #7 8.093 Unpacking libgcc-14-dev:amd64 (14.2.0-19) ...
2026-Feb-14 04:36:46.294127 #7 8.214 Selecting previously unselected package gcc-14-x86-64-linux-gnu.
2026-Feb-14 04:36:46.294127 #7 8.216 Preparing to unpack .../38-gcc-14-x86-64-linux-gnu_14.2.0-19_amd64.deb ...
2026-Feb-14 04:36:46.294127 #7 8.217 Unpacking gcc-14-x86-64-linux-gnu (14.2.0-19) ...
2026-Feb-14 04:36:46.294127 #7 8.780 Selecting previously unselected package gcc-14.
2026-Feb-14 04:36:46.294127 #7 8.782 Preparing to unpack .../39-gcc-14_14.2.0-19_amd64.deb ...
2026-Feb-14 04:36:46.294127 #7 8.784 Unpacking gcc-14 (14.2.0-19) ...
2026-Feb-14 04:36:46.294127 #7 8.813 Selecting previously unselected package gcc-x86-64-linux-gnu.
2026-Feb-14 04:36:46.294127 #7 8.815 Preparing to unpack .../40-gcc-x86-64-linux-gnu_4%3a14.2.0-1_amd64.deb ...
2026-Feb-14 04:36:46.294127 #7 8.818 Unpacking gcc-x86-64-linux-gnu (4:14.2.0-1) ...
2026-Feb-14 04:36:46.294127 #7 8.839 Selecting previously unselected package gcc.
2026-Feb-14 04:36:46.294127 #7 8.841 Preparing to unpack .../41-gcc_4%3a14.2.0-1_amd64.deb ...
2026-Feb-14 04:36:46.294127 #7 8.843 Unpacking gcc (4:14.2.0-1) ...
2026-Feb-14 04:36:46.294127 #7 8.864 Selecting previously unselected package libstdc++-14-dev:amd64.
2026-Feb-14 04:36:46.294127 #7 8.865 Preparing to unpack .../42-libstdc++-14-dev_14.2.0-19_amd64.deb ...
2026-Feb-14 04:36:46.294127 #7 8.868 Unpacking libstdc++-14-dev:amd64 (14.2.0-19) ...
2026-Feb-14 04:36:46.294127 #7 9.054 Selecting previously unselected package g++-14-x86-64-linux-gnu.
2026-Feb-14 04:36:46.294127 #7 9.056 Preparing to unpack .../43-g++-14-x86-64-linux-gnu_14.2.0-19_amd64.deb ...
2026-Feb-14 04:36:46.294127 #7 9.058 Unpacking g++-14-x86-64-linux-gnu (14.2.0-19) ...
2026-Feb-14 04:36:46.294127 #7 9.492 Selecting previously unselected package g++-14.
2026-Feb-14 04:36:46.294127 #7 9.494 Preparing to unpack .../44-g++-14_14.2.0-19_amd64.deb ...
2026-Feb-14 04:36:46.294127 #7 9.496 Unpacking g++-14 (14.2.0-19) ...
2026-Feb-14 04:36:46.294127 #7 9.517 Selecting previously unselected package g++-x86-64-linux-gnu.
2026-Feb-14 04:36:46.294127 #7 9.519 Preparing to unpack .../45-g++-x86-64-linux-gnu_4%3a14.2.0-1_amd64.deb ...
2026-Feb-14 04:36:46.294127 #7 9.521 Unpacking g++-x86-64-linux-gnu (4:14.2.0-1) ...
2026-Feb-14 04:36:46.294127 #7 9.544 Selecting previously unselected package g++.
2026-Feb-14 04:36:46.294127 #7 9.547 Preparing to unpack .../46-g++_4%3a14.2.0-1_amd64.deb ...
2026-Feb-14 04:36:46.294127 #7 9.549 Unpacking g++ (4:14.2.0-1) ...
2026-Feb-14 04:36:46.294127 #7 9.569 Selecting previously unselected package make.
2026-Feb-14 04:36:46.294127 #7 9.571 Preparing to unpack .../47-make_4.4.1-2_amd64.deb ...
2026-Feb-14 04:36:46.294127 #7 9.573 Unpacking make (4.4.1-2) ...
2026-Feb-14 04:36:46.294127 #7 9.612 Selecting previously unselected package libdpkg-perl.
2026-Feb-14 04:36:46.294127 #7 9.615 Preparing to unpack .../48-libdpkg-perl_1.22.21_all.deb ...
2026-Feb-14 04:36:46.294127 #7 9.617 Unpacking libdpkg-perl (1.22.21) ...
2026-Feb-14 04:36:46.294127 #7 9.672 Selecting previously unselected package patch.
2026-Feb-14 04:36:46.294127 #7 9.675 Preparing to unpack .../49-patch_2.8-2_amd64.deb ...
2026-Feb-14 04:36:46.294127 #7 9.678 Unpacking patch (2.8-2) ...
2026-Feb-14 04:36:46.294127 #7 9.720 Selecting previously unselected package dpkg-dev.
2026-Feb-14 04:36:46.294127 #7 9.724 Preparing to unpack .../50-dpkg-dev_1.22.21_all.deb ...
2026-Feb-14 04:36:46.294127 #7 9.727 Unpacking dpkg-dev (1.22.21) ...
2026-Feb-14 04:36:46.294127 #7 9.792 Selecting previously unselected package build-essential.
2026-Feb-14 04:36:46.294127 #7 9.794 Preparing to unpack .../51-build-essential_12.12_amd64.deb ...
2026-Feb-14 04:36:46.294127 #7 9.796 Unpacking build-essential (12.12) ...
2026-Feb-14 04:36:46.294127 #7 9.827 Setting up libgdbm-compat4t64:amd64 (1.24-2) ...
2026-Feb-14 04:36:46.294127 #7 9.834 Setting up binutils-common:amd64 (2.44-3) ...
2026-Feb-14 04:36:46.294127 #7 9.840 Setting up linux-libc-dev (6.12.69-1) ...
2026-Feb-14 04:36:46.294127 #7 9.845 Setting up libctf-nobfd0:amd64 (2.44-3) ...
2026-Feb-14 04:36:46.294127 #7 9.850 Setting up libgomp1:amd64 (14.2.0-19) ...
2026-Feb-14 04:36:46.294127 #7 9.855 Setting up bzip2 (1.0.8-6) ...
2026-Feb-14 04:36:46.294127 #7 9.860 Setting up libsframe1:amd64 (2.44-3) ...
2026-Feb-14 04:36:46.294127 #7 9.866 Setting up libjansson4:amd64 (2.14-2+b3) ...
2026-Feb-14 04:36:46.294127 #7 9.871 Setting up rpcsvc-proto (1.4.3-1) ...
2026-Feb-14 04:36:46.294127 #7 9.876 Setting up make (4.4.1-2) ...
2026-Feb-14 04:36:46.294127 #7 9.882 Setting up libmpfr6:amd64 (4.2.2-1) ...
2026-Feb-14 04:36:46.294127 #7 9.887 Setting up xz-utils (5.8.1-1) ...
2026-Feb-14 04:36:46.294127 #7 9.897 update-alternatives: using /usr/bin/xz to provide /usr/bin/lzma (lzma) in auto mode
2026-Feb-14 04:36:46.294127 #7 9.898 update-alternatives: warning: skip creation of /usr/share/man/man1/lzma.1.gz because associated file /usr/share/man/man1/xz.1.gz (of link group lzma) doesn't exist
2026-Feb-14 04:36:46.294127 #7 9.898 update-alternatives: warning: skip creation of /usr/share/man/man1/unlzma.1.gz because associated file /usr/share/man/man1/unxz.1.gz (of link group lzma) doesn't exist
2026-Feb-14 04:36:46.294127 #7 9.898 update-alternatives: warning: skip creation of /usr/share/man/man1/lzcat.1.gz because associated file /usr/share/man/man1/xzcat.1.gz (of link group lzma) doesn't exist
2026-Feb-14 04:36:46.294127 #7 9.898 update-alternatives: warning: skip creation of /usr/share/man/man1/lzmore.1.gz because associated file /usr/share/man/man1/xzmore.1.gz (of link group lzma) doesn't exist
2026-Feb-14 04:36:46.294127 #7 9.899 update-alternatives: warning: skip creation of /usr/share/man/man1/lzless.1.gz because associated file /usr/share/man/man1/xzless.1.gz (of link group lzma) doesn't exist
2026-Feb-14 04:36:46.294127 #7 9.899 update-alternatives: warning: skip creation of /usr/share/man/man1/lzdiff.1.gz because associated file /usr/share/man/man1/xzdiff.1.gz (of link group lzma) doesn't exist
2026-Feb-14 04:36:46.294127 #7 9.899 update-alternatives: warning: skip creation of /usr/share/man/man1/lzcmp.1.gz because associated file /usr/share/man/man1/xzcmp.1.gz (of link group lzma) doesn't exist
2026-Feb-14 04:36:46.294127 #7 9.899 update-alternatives: warning: skip creation of /usr/share/man/man1/lzgrep.1.gz because associated file /usr/share/man/man1/xzgrep.1.gz (of link group lzma) doesn't exist
2026-Feb-14 04:36:46.294127 #7 9.899 update-alternatives: warning: skip creation of /usr/share/man/man1/lzegrep.1.gz because associated file /usr/share/man/man1/xzegrep.1.gz (of link group lzma) doesn't exist
2026-Feb-14 04:36:46.294127 #7 9.899 update-alternatives: warning: skip creation of /usr/share/man/man1/lzfgrep.1.gz because associated file /usr/share/man/man1/xzfgrep.1.gz (of link group lzma) doesn't exist
2026-Feb-14 04:36:46.294127 #7 9.904 Setting up libquadmath0:amd64 (14.2.0-19) ...
2026-Feb-14 04:36:46.294127 #7 9.909 Setting up libmpc3:amd64 (1.3.1-1+b3) ...
2026-Feb-14 04:36:46.294127 #7 9.914 Setting up libatomic1:amd64 (14.2.0-19) ...
2026-Feb-14 04:36:46.294127 #7 9.919 Setting up patch (2.8-2) ...
2026-Feb-14 04:36:46.294127 #7 9.925 Setting up libubsan1:amd64 (14.2.0-19) ...
2026-Feb-14 04:36:46.294127 #7 9.930 Setting up perl-modules-5.40 (5.40.1-6) ...
2026-Feb-14 04:36:46.294127 #7 9.936 Setting up libhwasan0:amd64 (14.2.0-19) ...
2026-Feb-14 04:36:46.294127 #7 9.941 Setting up libcrypt-dev:amd64 (1:4.4.38-1) ...
2026-Feb-14 04:36:46.294127 #7 9.952 Setting up libasan8:amd64 (14.2.0-19) ...
2026-Feb-14 04:36:46.294127 #7 9.957 Setting up libtsan2:amd64 (14.2.0-19) ...
2026-Feb-14 04:36:46.294127 #7 9.962 Setting up libbinutils:amd64 (2.44-3) ...
2026-Feb-14 04:36:46.294127 #7 9.968 Setting up libisl23:amd64 (0.27-1) ...
2026-Feb-14 04:36:46.294127 #7 9.974 Setting up libc-dev-bin (2.41-12+deb13u1) ...
2026-Feb-14 04:36:46.294127 #7 9.979 Setting up libcc1-0:amd64 (14.2.0-19) ...
2026-Feb-14 04:36:46.294127 #7 9.985 Setting up liblsan0:amd64 (14.2.0-19) ...
2026-Feb-14 04:36:46.294127 #7 9.989 Setting up libitm1:amd64 (14.2.0-19) ...
2026-Feb-14 04:36:46.294127 #7 9.995 Setting up libctf0:amd64 (2.44-3) ...
2026-Feb-14 04:36:46.294127 #7 10.00 Setting up libperl5.40:amd64 (5.40.1-6) ...
2026-Feb-14 04:36:46.294127 #7 10.01 Setting up perl (5.40.1-6) ...
2026-Feb-14 04:36:46.294127 #7 10.02 Setting up libgprofng0:amd64 (2.44-3) ...
2026-Feb-14 04:36:46.294127 #7 10.02 Setting up cpp-14-x86-64-linux-gnu (14.2.0-19) ...
2026-Feb-14 04:36:46.294127 #7 10.03 Setting up libdpkg-perl (1.22.21) ...
2026-Feb-14 04:36:46.294127 #7 10.03 Setting up cpp-14 (14.2.0-19) ...
2026-Feb-14 04:36:46.294127 #7 10.04 Setting up libc6-dev:amd64 (2.41-12+deb13u1) ...
2026-Feb-14 04:36:46.294127 #7 10.05 Setting up libgcc-14-dev:amd64 (14.2.0-19) ...
2026-Feb-14 04:36:46.294127 #7 10.05 Setting up libstdc++-14-dev:amd64 (14.2.0-19) ...
2026-Feb-14 04:36:46.294127 #7 10.06 Setting up binutils-x86-64-linux-gnu (2.44-3) ...
2026-Feb-14 04:36:46.294127 #7 10.06 Setting up cpp-x86-64-linux-gnu (4:14.2.0-1) ...
2026-Feb-14 04:36:46.294127 #7 10.07 Setting up binutils (2.44-3) ...
2026-Feb-14 04:36:46.294127 #7 10.08 Setting up dpkg-dev (1.22.21) ...
2026-Feb-14 04:36:46.294127 #7 10.09 Setting up cpp (4:14.2.0-1) ...
2026-Feb-14 04:36:46.294127 #7 10.10 Setting up gcc-14-x86-64-linux-gnu (14.2.0-19) ...
2026-Feb-14 04:36:46.294127 #7 10.11 Setting up gcc-x86-64-linux-gnu (4:14.2.0-1) ...
2026-Feb-14 04:36:46.294127 #7 10.11 Setting up gcc-14 (14.2.0-19) ...
2026-Feb-14 04:36:46.294127 #7 10.12 Setting up g++-14-x86-64-linux-gnu (14.2.0-19) ...
2026-Feb-14 04:36:46.294127 #7 10.13 Setting up g++-x86-64-linux-gnu (4:14.2.0-1) ...
2026-Feb-14 04:36:46.294127 #7 10.13 Setting up g++-14 (14.2.0-19) ...
2026-Feb-14 04:36:46.294127 #7 10.14 Setting up gcc (4:14.2.0-1) ...
2026-Feb-14 04:36:46.294127 #7 10.15 Setting up g++ (4:14.2.0-1) ...
2026-Feb-14 04:36:46.294127 #7 10.16 update-alternatives: using /usr/bin/g++ to provide /usr/bin/c++ (c++) in auto mode
2026-Feb-14 04:36:46.294127 #7 10.16 Setting up build-essential (12.12) ...
2026-Feb-14 04:36:46.294127 #7 10.17 Processing triggers for libc-bin (2.41-12+deb13u1) ...
2026-Feb-14 04:36:46.294127 #7 DONE 10.4s
2026-Feb-14 04:36:46.294127
2026-Feb-14 04:36:46.294127 #8 [4/9] COPY pyproject.toml .
2026-Feb-14 04:36:46.294127 #8 DONE 0.0s
2026-Feb-14 04:36:46.294127
2026-Feb-14 04:36:46.294127 #9 [5/9] RUN pip install --no-cache-dir .
2026-Feb-14 04:36:46.294127 #9 1.845 Processing /app
2026-Feb-14 04:36:46.294127 #9 1.849   Installing build dependencies: started
2026-Feb-14 04:36:46.294127 #9 2.886   Installing build dependencies: finished with status 'done'
2026-Feb-14 04:36:46.294127 #9 2.887   Getting requirements to build wheel: started
2026-Feb-14 04:36:46.294127 #9 2.984   Getting requirements to build wheel: finished with status 'done'
2026-Feb-14 04:36:46.294127 #9 2.985   Preparing metadata (pyproject.toml): started
2026-Feb-14 04:36:46.294127 #9 3.147   Preparing metadata (pyproject.toml): finished with status 'error'
2026-Feb-14 04:36:46.294127 #9 3.154   error: subprocess-exited-with-error
2026-Feb-14 04:36:46.294127 #9 3.154
2026-Feb-14 04:36:46.294127 #9 3.154   × Preparing metadata (pyproject.toml) did not run successfully.
2026-Feb-14 04:36:46.294127 #9 3.154   │ exit code: 1
2026-Feb-14 04:36:46.294127 #9 3.154   ╰─> [21 lines of output]
2026-Feb-14 04:36:46.294127 #9 3.154       Traceback (most recent call last):
2026-Feb-14 04:36:46.294127 #9 3.154         File "/usr/local/lib/python3.12/site-packages/pip/_vendor/pyproject_hooks/_in_process/_in_process.py", line 389, in <module>
2026-Feb-14 04:36:46.294127 #9 3.154           main()
2026-Feb-14 04:36:46.294127 #9 3.154         File "/usr/local/lib/python3.12/site-packages/pip/_vendor/pyproject_hooks/_in_process/_in_process.py", line 373, in main
2026-Feb-14 04:36:46.294127 #9 3.154           json_out["return_val"] = hook(**hook_input["kwargs"])
2026-Feb-14 04:36:46.294127 #9 3.154                                    ^^^^^^^^^^^^^^^^^^^^^^^^^^^^
2026-Feb-14 04:36:46.294127 #9 3.154         File "/usr/local/lib/python3.12/site-packages/pip/_vendor/pyproject_hooks/_in_process/_in_process.py", line 178, in prepare_metadata_for_build_wheel
2026-Feb-14 04:36:46.294127 #9 3.154           whl_basename = backend.build_wheel(metadata_directory, config_settings)
2026-Feb-14 04:36:46.294127 #9 3.154                          ^^^^^^^^^^^^^^^^^^^^^^^^^^^^^^^^^^^^^^^^^^^^^^^^^^^^^^^^
2026-Feb-14 04:36:46.294127 #9 3.154         File "/tmp/pip-build-env-6mvltfcx/overlay/lib/python3.12/site-packages/hatchling/build.py", line 58, in build_wheel
2026-Feb-14 04:36:46.294127 #9 3.154           return os.path.basename(next(builder.build(directory=wheel_directory, versions=["standard"])))
2026-Feb-14 04:36:46.294127 #9 3.154                                   ^^^^^^^^^^^^^^^^^^^^^^^^^^^^^^^^^^^^^^^^^^^^^^^^^^^^^^^^^^^^^^^^^^^^^
2026-Feb-14 04:36:46.294127 #9 3.154         File "/tmp/pip-build-env-6mvltfcx/overlay/lib/python3.12/site-packages/hatchling/builders/plugin/interface.py", line 92, in build
2026-Feb-14 04:36:46.294127 #9 3.154           self.metadata.validate_fields()
2026-Feb-14 04:36:46.294127 #9 3.154         File "/tmp/pip-build-env-6mvltfcx/overlay/lib/python3.12/site-packages/hatchling/metadata/core.py", line 266, in validate_fields
2026-Feb-14 04:36:46.294127 #9 3.154           self.core.validate_fields()
2026-Feb-14 04:36:46.294127 #9 3.154         File "/tmp/pip-build-env-6mvltfcx/overlay/lib/python3.12/site-packages/hatchling/metadata/core.py", line 1366, in validate_fields
2026-Feb-14 04:36:46.294127 #9 3.154           getattr(self, attribute)
2026-Feb-14 04:36:46.294127 #9 3.154         File "/tmp/pip-build-env-6mvltfcx/overlay/lib/python3.12/site-packages/hatchling/metadata/core.py", line 531, in readme
2026-Feb-14 04:36:46.294127 #9 3.154           raise OSError(message)
2026-Feb-14 04:36:46.294127 #9 3.154       OSError: Readme file does not exist: README.md
2026-Feb-14 04:36:46.294127 #9 3.154       [end of output]
2026-Feb-14 04:36:46.294127 #9 3.154
2026-Feb-14 04:36:46.294127 #9 3.154   note: This error originates from a subprocess, and is likely not a problem with pip.
2026-Feb-14 04:36:46.294127 #9 3.247
2026-Feb-14 04:36:46.294127 #9 3.247 [notice] A new release of pip is available: 25.0.1 -> 26.0.1
2026-Feb-14 04:36:46.294127 #9 3.247 [notice] To update, run: pip install --upgrade pip
2026-Feb-14 04:36:46.294127 #9 3.249 error: metadata-generation-failed
2026-Feb-14 04:36:46.294127 #9 3.249
2026-Feb-14 04:36:46.294127 #9 3.249 × Encountered error while generating package metadata.
2026-Feb-14 04:36:46.294127 #9 3.249 ╰─> See above for output.
2026-Feb-14 04:36:46.294127 #9 3.249
2026-Feb-14 04:36:46.294127 #9 3.249 note: This is an issue with the package mentioned above, not pip.
2026-Feb-14 04:36:46.294127 #9 3.249 hint: See above for details.
2026-Feb-14 04:36:46.294127 #9 ERROR: process "/bin/sh -c pip install --no-cache-dir ." did not complete successfully: exit code: 1
2026-Feb-14 04:36:46.294127 ------
2026-Feb-14 04:36:46.294127 > [5/9] RUN pip install --no-cache-dir .:
2026-Feb-14 04:36:46.294127 3.247
2026-Feb-14 04:36:46.294127 3.247 [notice] A new release of pip is available: 25.0.1 -> 26.0.1
2026-Feb-14 04:36:46.294127 3.247 [notice] To update, run: pip install --upgrade pip
2026-Feb-14 04:36:46.294127 3.249 error: metadata-generation-failed
2026-Feb-14 04:36:46.294127 3.249
2026-Feb-14 04:36:46.294127 3.249 × Encountered error while generating package metadata.
2026-Feb-14 04:36:46.294127 3.249 ╰─> See above for output.
2026-Feb-14 04:36:46.294127 3.249
2026-Feb-14 04:36:46.294127 3.249 note: This is an issue with the package mentioned above, not pip.
2026-Feb-14 04:36:46.294127 3.249 hint: See above for details.
2026-Feb-14 04:36:46.294127 ------
2026-Feb-14 04:36:46.294127 Dockerfile:19
2026-Feb-14 04:36:46.294127 --------------------
2026-Feb-14 04:36:46.294127 17 |
2026-Feb-14 04:36:46.294127 18 |     # Install Python dependencies
2026-Feb-14 04:36:46.294127 19 | >>> RUN pip install --no-cache-dir .
2026-Feb-14 04:36:46.294127 20 |
2026-Feb-14 04:36:46.294127 21 |     # Copy application code
2026-Feb-14 04:36:46.294127 --------------------
2026-Feb-14 04:36:46.294127 ERROR: failed to build: failed to solve: process "/bin/sh -c pip install --no-cache-dir ." did not complete successfully: exit code: 1
2026-Feb-14 04:36:46.294127 exit status 1
2026-Feb-14 04:36:46.302000 Error type: RuntimeException
2026-Feb-14 04:36:46.309766 Error code: 0
2026-Feb-14 04:36:46.317070 Location: /var/www/html/app/Traits/ExecuteRemoteCommand.php:243
2026-Feb-14 04:36:46.324695 Stack trace (first 5 lines):
2026-Feb-14 04:36:46.332904 #0 /var/www/html/app/Traits/ExecuteRemoteCommand.php(104): App\Jobs\ApplicationDeploymentJob->executeCommandWithProcess()
2026-Feb-14 04:36:46.340968 #1 /var/www/html/vendor/laravel/framework/src/Illuminate/Collections/Traits/EnumeratesValues.php(272): App\Jobs\ApplicationDeploymentJob->{closure:App\Traits\ExecuteRemoteCommand::execute_remote_command():71}()
2026-Feb-14 04:36:46.348453 #2 /var/www/html/app/Traits/ExecuteRemoteCommand.php(71): Illuminate\Support\Collection->each()
2026-Feb-14 04:36:46.356830 #3 /var/www/html/app/Jobs/ApplicationDeploymentJob.php(3163): App\Jobs\ApplicationDeploymentJob->execute_remote_command()
2026-Feb-14 04:36:46.364693 #4 /var/www/html/app/Jobs/ApplicationDeploymentJob.php(854): App\Jobs\ApplicationDeploymentJob->build_image()
2026-Feb-14 04:36:46.372911 ========================================
2026-Feb-14 04:36:46.381420 Deployment failed. Removing the new version of your application.
2026-Feb-14 04:36:47.808381 Gracefully shutting down build container: c4gs848cogcsg0k48g48ocgo
2026-Feb-14 04:36:48.290707 [CMD]: docker stop -t 30 c4gs848cogcsg0k48g48ocgo
2026-Feb-14 04:36:48.290707 c4gs848cogcsg0k48g48ocgo 